\BOOKMARK [0][-]{chapter*.2}{List of Figures}{}% 1
\BOOKMARK [0][-]{chapter*.3}{List of Tables}{}% 2
\BOOKMARK [0][-]{chapter*.4}{Acknowledgements}{}% 3
\BOOKMARK [0][-]{chapter.1}{Introduction}{}% 4
\BOOKMARK [1][-]{section.1.1}{Background and Motivation}{chapter.1}% 5
\BOOKMARK [2][-]{subsection.1.1.1}{Supply Chain Benefits of Limited Hardware}{section.1.1}% 6
\BOOKMARK [2][-]{subsection.1.1.2}{Mobility}{section.1.1}% 7
\BOOKMARK [1][-]{section.1.2}{Problem Statement}{chapter.1}% 8
\BOOKMARK [1][-]{section.1.3}{Derived Research Questions}{chapter.1}% 9
\BOOKMARK [2][-]{subsection.1.3.1}{Connecting IoT, Distributed Databases, and Limited Hardware}{section.1.3}% 10
\BOOKMARK [2][-]{subsection.1.3.2}{Can a distributed database work on limited hardware?}{section.1.3}% 11
\BOOKMARK [1][-]{section.1.4}{General Approach}{chapter.1}% 12
\BOOKMARK [1][-]{section.1.5}{Research Activity Overview}{chapter.1}% 13
\BOOKMARK [2][-]{subsection.1.5.1}{Sensitivity Testing}{section.1.5}% 14
\BOOKMARK [2][-]{subsection.1.5.2}{Bandwidth Testing}{section.1.5}% 15
\BOOKMARK [2][-]{subsection.1.5.3}{Platform Testing}{section.1.5}% 16
\BOOKMARK [2][-]{subsection.1.5.4}{Scalability Testing}{section.1.5}% 17
\BOOKMARK [1][-]{section.1.6}{Expected Contributions}{chapter.1}% 18
\BOOKMARK [2][-]{subsection.1.6.1}{Contribution 1}{section.1.6}% 19
\BOOKMARK [2][-]{subsection.1.6.2}{Contribution 2}{section.1.6}% 20
\BOOKMARK [2][-]{subsection.1.6.3}{Contribution 3}{section.1.6}% 21
\BOOKMARK [1][-]{section.1.7}{Organization}{chapter.1}% 22
\BOOKMARK [0][-]{chapter.2}{Background and Related Works}{}% 23
\BOOKMARK [1][-]{section.2.1}{Cassandra}{chapter.2}% 24
\BOOKMARK [1][-]{section.2.2}{Raspberry Pi 2}{chapter.2}% 25
\BOOKMARK [1][-]{section.2.3}{Small Cluster Computing}{chapter.2}% 26
\BOOKMARK [1][-]{section.2.4}{Benchmarking Distributed Databases}{chapter.2}% 27
\BOOKMARK [2][-]{subsection.2.4.1}{Benchmarks}{section.2.4}% 28
\BOOKMARK [2][-]{subsection.2.4.2}{ycsb}{section.2.4}% 29
\BOOKMARK [1][-]{section.2.5}{Networking Considerations}{chapter.2}% 30
\BOOKMARK [2][-]{subsection.2.5.1}{Physical Layer Considerations}{section.2.5}% 31
\BOOKMARK [2][-]{subsection.2.5.2}{Link Layer Considerations}{section.2.5}% 32
\BOOKMARK [1][-]{section.2.6}{Potential Uses}{chapter.2}% 33
\BOOKMARK [2][-]{subsection.2.6.1}{Application Space}{section.2.6}% 34
\BOOKMARK [2][-]{subsection.2.6.2}{WiFi Collection, Mapping and Analysis}{section.2.6}% 35
\BOOKMARK [2][-]{subsection.2.6.3}{WiFi/Wireless Crowd Detection}{section.2.6}% 36
\BOOKMARK [2][-]{subsection.2.6.4}{CBIR and others and summary statement on application space}{section.2.6}% 37
\BOOKMARK [1][-]{section.2.7}{Representative Technologies}{chapter.2}% 38
\BOOKMARK [2][-]{subsection.2.7.1}{Cassandra}{section.2.7}% 39
\BOOKMARK [2][-]{subsection.2.7.2}{Raspberry Pi 2}{section.2.7}% 40
\BOOKMARK [0][-]{chapter.3}{Cassandra Pilot Tests}{}% 41
\BOOKMARK [1][-]{section.3.1}{Experimental Setup}{chapter.3}% 42
\BOOKMARK [1][-]{section.3.2}{Variance in Nature of the Links with Compression Algorithms}{chapter.3}% 43
\BOOKMARK [0][-]{chapter.4}{Methodology}{}% 44
\BOOKMARK [1][-]{section.4.1}{Overview of Similar Experiment}{chapter.4}% 45
\BOOKMARK [1][-]{section.4.2}{Objective of This Set of Experiments}{chapter.4}% 46
\BOOKMARK [1][-]{section.4.3}{Expectations}{chapter.4}% 47
\BOOKMARK [1][-]{section.4.4}{System Boundaries}{chapter.4}% 48
\BOOKMARK [1][-]{section.4.5}{Experimental Limitations, Nuisance Factors, Known/Suspected Interactions}{chapter.4}% 49
\BOOKMARK [1][-]{section.4.6}{Coordination}{chapter.4}% 50
\BOOKMARK [2][-]{subsection.4.6.1}{Ethernet lan}{section.4.6}% 51
\BOOKMARK [2][-]{subsection.4.6.2}{Wireless lan}{section.4.6}% 52
\BOOKMARK [1][-]{section.4.7}{Treatments, Independent Variables}{chapter.4}% 53
\BOOKMARK [1][-]{section.4.8}{Factors}{chapter.4}% 54
\BOOKMARK [2][-]{subsection.4.8.1}{Hard Disk Storage: sd Card}{section.4.8}% 55
\BOOKMARK [2][-]{subsection.4.8.2}{Database Size}{section.4.8}% 56
\BOOKMARK [2][-]{subsection.4.8.3}{Number of Operations Per Trial}{section.4.8}% 57
\BOOKMARK [2][-]{subsection.4.8.4}{Workloads}{section.4.8}% 58
\BOOKMARK [2][-]{subsection.4.8.5}{Configuration of Cassandra}{section.4.8}% 59
\BOOKMARK [2][-]{subsection.4.8.6}{Threads in the ycsb}{section.4.8}% 60
\BOOKMARK [1][-]{section.4.9}{Assumptions}{chapter.4}% 61
\BOOKMARK [1][-]{section.4.10}{Experimental Setup}{chapter.4}% 62
\BOOKMARK [2][-]{subsection.4.10.1}{Virtual Node Setup}{section.4.10}% 63
\BOOKMARK [2][-]{subsection.4.10.2}{Ethernet lan Setup}{section.4.10}% 64
\BOOKMARK [2][-]{subsection.4.10.3}{802.11 lan Setup}{section.4.10}% 65
\BOOKMARK [1][-]{section.4.11}{Execution}{chapter.4}% 66
\BOOKMARK [1][-]{section.4.12}{Analysis}{chapter.4}% 67
\BOOKMARK [2][-]{subsection.4.12.1}{Response Variables}{section.4.12}% 68
\BOOKMARK [1][-]{section.4.13}{Cache Warm-Up Period and the Logic of Using the Median from This Point Forward}{chapter.4}% 69
\BOOKMARK [0][-]{chapter.5}{Results and Evaluation}{}% 70
\BOOKMARK [1][-]{section.5.1}{Results for Workload A}{chapter.5}% 71
\BOOKMARK [2][-]{subsection.5.1.1}{Comparing Existing Work: Virtual Machine vs the Reference Value}{section.5.1}% 72
\BOOKMARK [2][-]{subsection.5.1.2}{1GB RAM vs 2GB RAM vs 4GB RAM}{section.5.1}% 73
\BOOKMARK [2][-]{subsection.5.1.3}{Implementation on Raspberry Pi}{section.5.1}% 74
\BOOKMARK [2][-]{subsection.5.1.4}{Raspberry Pi vs Reference Value}{section.5.1}% 75
\BOOKMARK [2][-]{subsection.5.1.5}{Raspberry Pi vs Virtual Machine}{section.5.1}% 76
\BOOKMARK [2][-]{subsection.5.1.6}{Wireless Links Only}{section.5.1}% 77
\BOOKMARK [2][-]{subsection.5.1.7}{Wireless Links vs Wired Links}{section.5.1}% 78
\BOOKMARK [1][-]{section.5.2}{Results for Workload C}{chapter.5}% 79
\BOOKMARK [2][-]{subsection.5.2.1}{Comparing Existing Work: Virtual Machine vs the Reference Value}{section.5.2}% 80
\BOOKMARK [2][-]{subsection.5.2.2}{1GB RAM vs 2GB RAM vs 4GB RAM}{section.5.2}% 81
\BOOKMARK [2][-]{subsection.5.2.3}{Implementation on Raspberry Pi}{section.5.2}% 82
\BOOKMARK [2][-]{subsection.5.2.4}{Raspberry Pi vs Reference Value}{section.5.2}% 83
\BOOKMARK [2][-]{subsection.5.2.5}{Raspberry Pi vs Virtual Machine}{section.5.2}% 84
\BOOKMARK [2][-]{subsection.5.2.6}{Wireless Links Only}{section.5.2}% 85
\BOOKMARK [2][-]{subsection.5.2.7}{Wireless Links vs Wired Links}{section.5.2}% 86
\BOOKMARK [1][-]{section.5.3}{Results for Workload E}{chapter.5}% 87
\BOOKMARK [2][-]{subsection.5.3.1}{Comparing Existing Work: Virtual Machine vs the Reference Value}{section.5.3}% 88
\BOOKMARK [2][-]{subsection.5.3.2}{1GB RAM vs 2GB RAM vs 4GB RAM}{section.5.3}% 89
\BOOKMARK [2][-]{subsection.5.3.3}{Implementation on Raspberry Pi}{section.5.3}% 90
\BOOKMARK [2][-]{subsection.5.3.4}{Raspberry Pi vs Reference Value}{section.5.3}% 91
\BOOKMARK [2][-]{subsection.5.3.5}{Raspberry Pi vs Virtual Machine}{section.5.3}% 92
\BOOKMARK [2][-]{subsection.5.3.6}{Wireless Links Only}{section.5.3}% 93
\BOOKMARK [2][-]{subsection.5.3.7}{Wireless Links vs Wired Links}{section.5.3}% 94
\BOOKMARK [1][-]{section.5.4}{Results for Workload I}{chapter.5}% 95
\BOOKMARK [2][-]{subsection.5.4.1}{1GB RAM vs 2GB RAM vs 4GB RAM}{section.5.4}% 96
\BOOKMARK [2][-]{subsection.5.4.2}{Implementation on Raspberry Pi}{section.5.4}% 97
\BOOKMARK [2][-]{subsection.5.4.3}{Raspberry Pi vs Virtual Machine}{section.5.4}% 98
\BOOKMARK [2][-]{subsection.5.4.4}{Wireless Links Only}{section.5.4}% 99
\BOOKMARK [2][-]{subsection.5.4.5}{Wireless Links vs Wired Links}{section.5.4}% 100
\BOOKMARK [0][-]{chapter.6}{Conclusion and Future Work}{}% 101
\BOOKMARK [1][-]{section.6.1}{Conclusion}{chapter.6}% 102
\BOOKMARK [2][-]{subsection.6.1.1}{Research Question 1}{section.6.1}% 103
\BOOKMARK [2][-]{subsection.6.1.2}{Research Question 2}{section.6.1}% 104
\BOOKMARK [2][-]{subsection.6.1.3}{Research Question 3}{section.6.1}% 105
\BOOKMARK [2][-]{subsection.6.1.4}{Research Question 4}{section.6.1}% 106
\BOOKMARK [1][-]{section.6.2}{Future Work}{chapter.6}% 107
\BOOKMARK [2][-]{subsection.6.2.1}{Generalized Model}{section.6.2}% 108
\BOOKMARK [2][-]{subsection.6.2.2}{Wifi Collection, Mapping and Crowd Detection}{section.6.2}% 109
\BOOKMARK [0][-]{chapter*.210}{Bibliography}{}% 110
