This is pdfTeX, Version 3.14159265-2.6-1.40.16 (TeX Live 2015/Debian) (preloaded format=pdflatex 2017.1.8)  1 FEB 2017 18:38
entering extended mode
 restricted \write18 enabled.
 %&-line parsing enabled.
**main0.tex
(./main0.tex
LaTeX2e <2016/02/01>
Babel <3.9q> and hyphenation patterns for 81 language(s) loaded.
(/usr/share/texlive/texmf-dist/tex/latex/base/book.cls
Document Class: book 2014/09/29 v1.4h Standard LaTeX document class
(/usr/share/texlive/texmf-dist/tex/latex/base/bk12.clo
File: bk12.clo 2014/09/29 v1.4h Standard LaTeX file (size option)
)
\c@part=\count79
\c@chapter=\count80
\c@section=\count81
\c@subsection=\count82
\c@subsubsection=\count83
\c@paragraph=\count84
\c@subparagraph=\count85
\c@figure=\count86
\c@table=\count87
\abovecaptionskip=\skip41
\belowcaptionskip=\skip42
\bibindent=\dimen102
)
(./afitStyleFiles/afitThesis.sty

LaTeX Warning: You have requested package `afitStyleFiles/afitThesis',
               but the package provides `afitThesis'.

Package: afitThesis 
(/usr/share/texlive/texmf-dist/tex/latex/caption/caption.sty
Package: caption 2016/02/21 v3.3-144 Customizing captions (AR)

(/usr/share/texlive/texmf-dist/tex/latex/caption/caption3.sty
Package: caption3 2016/02/04 v1.7-139 caption3 kernel (AR)
Package caption3 Info: TeX engine: e-TeX on input line 67.

(/usr/share/texlive/texmf-dist/tex/latex/graphics/keyval.sty
Package: keyval 2014/10/28 v1.15 key=value parser (DPC)
\KV@toks@=\toks14
)
\captionmargin=\dimen103
\captionmargin@=\dimen104
\captionwidth=\dimen105
\caption@tempdima=\dimen106
\caption@indent=\dimen107
\caption@parindent=\dimen108
\caption@hangindent=\dimen109
)
\c@ContinuedFloat=\count88
)
(/usr/share/texlive/texmf-dist/tex/latex/geometry/geometry.sty
Package: geometry 2010/09/12 v5.6 Page Geometry

(/usr/share/texlive/texmf-dist/tex/generic/oberdiek/ifpdf.sty
Package: ifpdf 2011/01/30 v2.3 Provides the ifpdf switch (HO)
Package ifpdf Info: pdfTeX in PDF mode is detected.
)
(/usr/share/texlive/texmf-dist/tex/generic/oberdiek/ifvtex.sty
Package: ifvtex 2010/03/01 v1.5 Detect VTeX and its facilities (HO)
Package ifvtex Info: VTeX not detected.
)
(/usr/share/texlive/texmf-dist/tex/generic/ifxetex/ifxetex.sty
Package: ifxetex 2010/09/12 v0.6 Provides ifxetex conditional
)
\Gm@cnth=\count89
\Gm@cntv=\count90
\c@Gm@tempcnt=\count91
\Gm@bindingoffset=\dimen110
\Gm@wd@mp=\dimen111
\Gm@odd@mp=\dimen112
\Gm@even@mp=\dimen113
\Gm@layoutwidth=\dimen114
\Gm@layoutheight=\dimen115
\Gm@layouthoffset=\dimen116
\Gm@layoutvoffset=\dimen117
\Gm@dimlist=\toks15
)
(/usr/share/texlive/texmf-dist/tex/latex/setspace/setspace.sty
Package: setspace 2011/12/19 v6.7a set line spacing
)
(/usr/share/texlive/texmf-dist/tex/latex/tools/indentfirst.sty
Package: indentfirst 1995/11/23 v1.03 Indent first paragraph (DPC)
)
(/usr/share/texlive/texmf-dist/tex/latex/float/float.sty
Package: float 2001/11/08 v1.3d Float enhancements (AL)
\c@float@type=\count92
\float@exts=\toks16
\float@box=\box26
\@float@everytoks=\toks17
\@floatcapt=\box27
)
(/usr/share/texlive/texmf-dist/tex/latex/base/flafter.sty
Package: flafter 2015/09/05 v1.3a Standard LaTeX floats after reference (FMi)
Applying: [2015/01/01] float order in 2-column on input line 49.
Already applied: [0000/00/00] float order in 2-column on input line 151.
)
(/usr/share/texlive/texmf-dist/tex/latex/amsfonts/amssymb.sty
Package: amssymb 2013/01/14 v3.01 AMS font symbols

(/usr/share/texlive/texmf-dist/tex/latex/amsfonts/amsfonts.sty
Package: amsfonts 2013/01/14 v3.01 Basic AMSFonts support
\@emptytoks=\toks18
\symAMSa=\mathgroup4
\symAMSb=\mathgroup5
LaTeX Font Info:    Overwriting math alphabet `\mathfrak' in version `bold'
(Font)                  U/euf/m/n --> U/euf/b/n on input line 106.
))
(/usr/share/texlive/texmf-dist/tex/latex/amsmath/amsmath.sty
Package: amsmath 2016/03/03 v2.15a AMS math features
\@mathmargin=\skip43

For additional information on amsmath, use the `?' option.
(/usr/share/texlive/texmf-dist/tex/latex/amsmath/amstext.sty
Package: amstext 2000/06/29 v2.01 AMS text

(/usr/share/texlive/texmf-dist/tex/latex/amsmath/amsgen.sty
File: amsgen.sty 1999/11/30 v2.0 generic functions
\@emptytoks=\toks19
\ex@=\dimen118
))
(/usr/share/texlive/texmf-dist/tex/latex/amsmath/amsbsy.sty
Package: amsbsy 1999/11/29 v1.2d Bold Symbols
\pmbraise@=\dimen119
)
(/usr/share/texlive/texmf-dist/tex/latex/amsmath/amsopn.sty
Package: amsopn 1999/12/14 v2.01 operator names
)
\inf@bad=\count93
LaTeX Info: Redefining \frac on input line 199.
\uproot@=\count94
\leftroot@=\count95
LaTeX Info: Redefining \overline on input line 297.
\classnum@=\count96
\DOTSCASE@=\count97
LaTeX Info: Redefining \ldots on input line 394.
LaTeX Info: Redefining \dots on input line 397.
LaTeX Info: Redefining \cdots on input line 518.
\Mathstrutbox@=\box28
\strutbox@=\box29
\big@size=\dimen120
LaTeX Font Info:    Redeclaring font encoding OML on input line 630.
LaTeX Font Info:    Redeclaring font encoding OMS on input line 631.
\macc@depth=\count98
\c@MaxMatrixCols=\count99
\dotsspace@=\muskip10
\c@parentequation=\count100
\dspbrk@lvl=\count101
\tag@help=\toks20
\row@=\count102
\column@=\count103
\maxfields@=\count104
\andhelp@=\toks21
\eqnshift@=\dimen121
\alignsep@=\dimen122
\tagshift@=\dimen123
\tagwidth@=\dimen124
\totwidth@=\dimen125
\lineht@=\dimen126
\@envbody=\toks22
\multlinegap=\skip44
\multlinetaggap=\skip45
\mathdisplay@stack=\toks23
LaTeX Info: Redefining \[ on input line 2735.
LaTeX Info: Redefining \] on input line 2736.
)
(/usr/share/texlive/texmf-dist/tex/latex/tools/theorem.sty
Package: theorem 2014/10/28 v2.2c Theorem extension package (FMi)
\theorem@style=\toks24
\theorem@bodyfont=\toks25
\theorempreskipamount=\skip46
\theorempostskipamount=\skip47

(/usr/share/texlive/texmf-dist/tex/latex/tools/thp.sty
File: thp.sty 2014/10/28 v2.2c Theorem extension package (FMi)
))
(/usr/share/texlive/texmf-dist/tex/latex/tools/varioref.sty
Package: varioref 2015/09/22 v1.5b package for extended references (FMi)
\c@vrcnt=\count105
)
(/usr/share/texlive/texmf-dist/tex/latex/tocbibind/tocbibind.sty
Package: tocbibind 2010/10/13 v1.5k extra ToC listings
Package tocbibind Info: The document has chapter divisions on input line 50.


Package tocbibind Note: Using chapter style headings, unless overridden.

) (/usr/share/texlive/texmf-dist/tex/latex/listings/listings.sty
\lst@mode=\count106
\lst@gtempboxa=\box30
\lst@token=\toks26
\lst@length=\count107
\lst@currlwidth=\dimen127
\lst@column=\count108
\lst@pos=\count109
\lst@lostspace=\dimen128
\lst@width=\dimen129
\lst@newlines=\count110
\lst@lineno=\count111
\lst@maxwidth=\dimen130

(/usr/share/texlive/texmf-dist/tex/latex/listings/lstmisc.sty
File: lstmisc.sty 2015/06/04 1.6 (Carsten Heinz)
\c@lstnumber=\count112
\lst@skipnumbers=\count113
\lst@framebox=\box31
)
(/usr/share/texlive/texmf-dist/tex/latex/listings/listings.cfg
File: listings.cfg 2015/06/04 1.6 listings configuration
))
Package: listings 2015/06/04 1.6 (Carsten Heinz)

(/usr/share/texlive/texmf-dist/tex/latex/tools/xspace.sty
Package: xspace 2014/10/28 v1.13 Space after command names (DPC,MH)
)
(/usr/share/texlive/texmf-dist/tex/latex/base/fixltx2e.sty
Package: fixltx2e 2015/06/22 v2.0b fixes to LaTeX (obsolete)


Package fixltx2e Warning: fixltx2e is not required with releases after 2015
(fixltx2e)                All fixes are now in the LaTeX kernel.
(fixltx2e)                See the latexrelease package for details.

) (/usr/share/texlive/texmf-dist/tex/latex/threeparttable/threeparttable.sty
Package: threeparttable 2003/06/13  v 3.0
\@tempboxb=\box32
)
(/usr/share/texlive/texmf-dist/tex/latex/booktabs/booktabs.sty
Package: booktabs 2005/04/14 v1.61803 publication quality tables
\heavyrulewidth=\dimen131
\lightrulewidth=\dimen132
\cmidrulewidth=\dimen133
\belowrulesep=\dimen134
\belowbottomsep=\dimen135
\aboverulesep=\dimen136
\abovetopsep=\dimen137
\cmidrulesep=\dimen138
\cmidrulekern=\dimen139
\defaultaddspace=\dimen140
\@cmidla=\count114
\@cmidlb=\count115
\@aboverulesep=\dimen141
\@belowrulesep=\dimen142
\@thisruleclass=\count116
\@lastruleclass=\count117
\@thisrulewidth=\dimen143
)
(/usr/share/texlive/texmf-dist/tex/latex/graphics/color.sty
Package: color 2016/01/03 v1.1b Standard LaTeX Color (DPC)

(/usr/share/texlive/texmf-dist/tex/latex/latexconfig/color.cfg
File: color.cfg 2007/01/18 v1.5 color configuration of teTeX/TeXLive
)
Package color Info: Driver file: pdftex.def on input line 143.

(/usr/share/texlive/texmf-dist/tex/latex/pdftex-def/pdftex.def
File: pdftex.def 2011/05/27 v0.06d Graphics/color for pdfTeX

(/usr/share/texlive/texmf-dist/tex/generic/oberdiek/infwarerr.sty
Package: infwarerr 2010/04/08 v1.3 Providing info/warning/error messages (HO)
)
(/usr/share/texlive/texmf-dist/tex/generic/oberdiek/ltxcmds.sty
Package: ltxcmds 2011/11/09 v1.22 LaTeX kernel commands for general use (HO)
)
\Gread@gobject=\count118
))
(/usr/share/texlive/texmf-dist/tex/latex/url/url.sty
\Urlmuskip=\muskip11
Package: url 2013/09/16  ver 3.4  Verb mode for urls, etc.
)
(/usr/share/texlive/texmf-dist/tex/latex/graphics/graphicx.sty
Package: graphicx 2014/10/28 v1.0g Enhanced LaTeX Graphics (DPC,SPQR)

(/usr/share/texlive/texmf-dist/tex/latex/graphics/graphics.sty
Package: graphics 2016/01/03 v1.0q Standard LaTeX Graphics (DPC,SPQR)

(/usr/share/texlive/texmf-dist/tex/latex/graphics/trig.sty
Package: trig 2016/01/03 v1.10 sin cos tan (DPC)
)
(/usr/share/texlive/texmf-dist/tex/latex/latexconfig/graphics.cfg
File: graphics.cfg 2010/04/23 v1.9 graphics configuration of TeX Live
)
Package graphics Info: Driver file: pdftex.def on input line 95.
)
\Gin@req@height=\dimen144
\Gin@req@width=\dimen145
)
\@indexfile=\write3
\openout3 = `main0.idx'.


Writing index file main0.idx
\c@com=\count119
\@tocboxa=\box33
\@tocboxb=\box34
) (./afitStyleFiles/sf298.sty

LaTeX Warning: You have requested package `afitStyleFiles/sf298',
               but the package provides `sf298'.

Package: sf298 2000/02/22 Standard Form 298
Package: sf298 2000/02/22 v1.1)
) (/usr/share/texlive/texmf-dist/tex/latex/draftwatermark/draftwatermark.sty
Package: draftwatermark 2015/02/19 1.2 Put a gray textual watermark on document
 pages

(/usr/share/texlive/texmf-dist/tex/latex/everypage/everypage.sty
Package: everypage 2007/06/20 1.1 Hooks to run on every page
)
\sc@wm@hcenter=\skip48
\sc@wm@vcenter=\skip49
\sc@wm@fontsize=\skip50
)
(/usr/share/texlive/texmf-dist/tex/latex/hyperref/hyperref.sty
Package: hyperref 2012/11/06 v6.83m Hypertext links for LaTeX

(/usr/share/texlive/texmf-dist/tex/generic/oberdiek/hobsub-hyperref.sty
Package: hobsub-hyperref 2012/05/28 v1.13 Bundle oberdiek, subset hyperref (HO)


(/usr/share/texlive/texmf-dist/tex/generic/oberdiek/hobsub-generic.sty
Package: hobsub-generic 2012/05/28 v1.13 Bundle oberdiek, subset generic (HO)
Package: hobsub 2012/05/28 v1.13 Construct package bundles (HO)
Package hobsub Info: Skipping package `infwarerr' (already loaded).
Package hobsub Info: Skipping package `ltxcmds' (already loaded).
Package: ifluatex 2010/03/01 v1.3 Provides the ifluatex switch (HO)
Package ifluatex Info: LuaTeX not detected.
Package hobsub Info: Skipping package `ifvtex' (already loaded).
Package: intcalc 2007/09/27 v1.1 Expandable calculations with integers (HO)
Package hobsub Info: Skipping package `ifpdf' (already loaded).
Package: etexcmds 2011/02/16 v1.5 Avoid name clashes with e-TeX commands (HO)
Package etexcmds Info: Could not find \expanded.
(etexcmds)             That can mean that you are not using pdfTeX 1.50 or
(etexcmds)             that some package has redefined \expanded.
(etexcmds)             In the latter case, load this package earlier.
Package: kvsetkeys 2012/04/25 v1.16 Key value parser (HO)
Package: kvdefinekeys 2011/04/07 v1.3 Define keys (HO)
Package: pdftexcmds 2011/11/29 v0.20 Utility functions of pdfTeX for LuaTeX (HO
)
Package pdftexcmds Info: LuaTeX not detected.
Package pdftexcmds Info: \pdf@primitive is available.
Package pdftexcmds Info: \pdf@ifprimitive is available.
Package pdftexcmds Info: \pdfdraftmode found.
Package: pdfescape 2011/11/25 v1.13 Implements pdfTeX's escape features (HO)
Package: bigintcalc 2012/04/08 v1.3 Expandable calculations on big integers (HO
)
Package: bitset 2011/01/30 v1.1 Handle bit-vector datatype (HO)
Package: uniquecounter 2011/01/30 v1.2 Provide unlimited unique counter (HO)
)
Package hobsub Info: Skipping package `hobsub' (already loaded).
Package: letltxmacro 2010/09/02 v1.4 Let assignment for LaTeX macros (HO)
Package: hopatch 2012/05/28 v1.2 Wrapper for package hooks (HO)
Package: xcolor-patch 2011/01/30 xcolor patch
Package: atveryend 2011/06/30 v1.8 Hooks at the very end of document (HO)
Package atveryend Info: \enddocument detected (standard20110627).
Package: atbegshi 2011/10/05 v1.16 At begin shipout hook (HO)
Package: refcount 2011/10/16 v3.4 Data extraction from label references (HO)
Package: hycolor 2011/01/30 v1.7 Color options for hyperref/bookmark (HO)
)
(/usr/share/texlive/texmf-dist/tex/latex/oberdiek/auxhook.sty
Package: auxhook 2011/03/04 v1.3 Hooks for auxiliary files (HO)
)
(/usr/share/texlive/texmf-dist/tex/latex/oberdiek/kvoptions.sty
Package: kvoptions 2011/06/30 v3.11 Key value format for package options (HO)
)
\@linkdim=\dimen146
\Hy@linkcounter=\count120
\Hy@pagecounter=\count121

(/usr/share/texlive/texmf-dist/tex/latex/hyperref/pd1enc.def
File: pd1enc.def 2012/11/06 v6.83m Hyperref: PDFDocEncoding definition (HO)
)
\Hy@SavedSpaceFactor=\count122

(/usr/share/texlive/texmf-dist/tex/latex/latexconfig/hyperref.cfg
File: hyperref.cfg 2002/06/06 v1.2 hyperref configuration of TeXLive
)
Package hyperref Info: Hyper figures OFF on input line 4443.
Package hyperref Info: Link nesting OFF on input line 4448.
Package hyperref Info: Hyper index ON on input line 4451.
Package hyperref Info: Plain pages OFF on input line 4458.
Package hyperref Info: Backreferencing OFF on input line 4463.
Package hyperref Info: Implicit mode ON; LaTeX internals redefined.
Package hyperref Info: Bookmarks ON on input line 4688.
\c@Hy@tempcnt=\count123
LaTeX Info: Redefining \url on input line 5041.
\XeTeXLinkMargin=\dimen147
\Fld@menulength=\count124
\Field@Width=\dimen148
\Fld@charsize=\dimen149
Package hyperref Info: Hyper figures OFF on input line 6295.
Package hyperref Info: Link nesting OFF on input line 6300.
Package hyperref Info: Hyper index ON on input line 6303.
Package hyperref Info: backreferencing OFF on input line 6310.
Package hyperref Info: Link coloring OFF on input line 6315.
Package hyperref Info: Link coloring with OCG OFF on input line 6320.
Package hyperref Info: PDF/A mode OFF on input line 6325.
LaTeX Info: Redefining \ref on input line 6365.
LaTeX Info: Redefining \pageref on input line 6369.
\Hy@abspage=\count125
\c@Item=\count126
\c@Hfootnote=\count127
)

Package hyperref Message: Driver (autodetected): hpdftex.

(/usr/share/texlive/texmf-dist/tex/latex/hyperref/hpdftex.def
File: hpdftex.def 2012/11/06 v6.83m Hyperref driver for pdfTeX
\Fld@listcount=\count128
\c@bookmark@seq@number=\count129

(/usr/share/texlive/texmf-dist/tex/latex/oberdiek/rerunfilecheck.sty
Package: rerunfilecheck 2011/04/15 v1.7 Rerun checks for auxiliary files (HO)
Package uniquecounter Info: New unique counter `rerunfilecheck' on input line 2
82.
)
\Hy@SectionHShift=\skip51
)
(./Customize/titlePage.tex)
(/usr/share/texlive/texmf-dist/tex/latex/glossaries/base/glossaries.sty
Package: glossaries 2016/01/24 v4.21 (NLCT)

(/usr/share/texlive/texmf-dist/tex/latex/base/ifthen.sty
Package: ifthen 2014/09/29 v1.1c Standard LaTeX ifthen package (DPC)
)
(/usr/share/texlive/texmf-dist/tex/latex/xkeyval/xkeyval.sty
Package: xkeyval 2014/12/03 v2.7a package option processing (HA)

(/usr/share/texlive/texmf-dist/tex/generic/xkeyval/xkeyval.tex
(/usr/share/texlive/texmf-dist/tex/generic/xkeyval/xkvutils.tex
\XKV@toks=\toks27
\XKV@tempa@toks=\toks28
)
\XKV@depth=\count130
File: xkeyval.tex 2014/12/03 v2.7a key=value parser (HA)
))
(/usr/share/texlive/texmf-dist/tex/latex/mfirstuc/mfirstuc.sty
Package: mfirstuc 2015/12/17 v2.02 (NLCT)

(/usr/share/texlive/texmf-dist/tex/latex/etoolbox/etoolbox.sty
Package: etoolbox 2015/08/02 v2.2a e-TeX tools for LaTeX (JAW)
\etb@tempcnta=\count131
)
\@glsmfirst=\toks29
\@glsmrest=\toks30
)
(/usr/share/texlive/texmf-dist/tex/latex/textcase/textcase.sty
Package: textcase 2004/10/07 v0.07 Text only upper/lower case changing (DPC)
)
(/usr/share/texlive/texmf-dist/tex/latex/xfor/xfor.sty
Package: xfor 2009/02/05 v1.05 (NLCT)
)
(/usr/share/texlive/texmf-dist/tex/latex/datatool/datatool-base.sty
Package: datatool-base 2016/01/18 v2.25 (NLCT)

(/usr/share/texlive/texmf-dist/tex/latex/substr/substr.sty
Package: substr 2009/10/20 v1.2 Handle substrings
\c@su@anzahl=\count132
)
(/usr/share/texlive/texmf-dist/tex/latex/datatool/datatool-fp.sty
Package: datatool-fp 2016/01/18 v2.25 (NLCT)

(/usr/share/texlive/texmf-dist/tex/latex/fp/fp.sty
Package: fp 1995/04/02

`Fixed Point Package', Version 0.8, April 2, 1995 (C) Michael Mehlich
(/usr/share/texlive/texmf-dist/tex/latex/fp/defpattern.sty
Package: defpattern 1994/10/12
\actioncount=\count133
)
(/usr/share/texlive/texmf-dist/tex/latex/fp/fp-basic.sty
Package: fp-basic 1996/05/13
\FP@xs=\count134
\FP@xia=\count135
\FP@xib=\count136
\FP@xfa=\count137
\FP@xfb=\count138
\FP@rega=\count139
\FP@regb=\count140
\FP@regs=\count141
\FP@times=\count142
)
(/usr/share/texlive/texmf-dist/tex/latex/fp/fp-addons.sty
Package: fp-addons 1995/03/15
)
(/usr/share/texlive/texmf-dist/tex/latex/fp/fp-snap.sty
Package: fp-snap 1995/04/05
)
(/usr/share/texlive/texmf-dist/tex/latex/fp/fp-exp.sty
Package: fp-exp 1995/04/03
)
(/usr/share/texlive/texmf-dist/tex/latex/fp/fp-trigo.sty
Package: fp-trigo 1995/04/14
)
(/usr/share/texlive/texmf-dist/tex/latex/fp/fp-pas.sty
Package: fp-pas 1994/08/29
)
(/usr/share/texlive/texmf-dist/tex/latex/fp/fp-random.sty
Package: fp-random 1995/02/23
\FPseed=\count143
)
(/usr/share/texlive/texmf-dist/tex/latex/fp/fp-eqn.sty
Package: fp-eqn 1995/04/03
)
(/usr/share/texlive/texmf-dist/tex/latex/fp/fp-upn.sty
Package: fp-upn 1996/10/21
)
(/usr/share/texlive/texmf-dist/tex/latex/fp/fp-eval.sty
Package: fp-eval 1995/04/03
)))
\@dtl@toks=\toks31
\@dtl@tmpcount=\count144
\dtl@tmplength=\skip52
\dtl@sortresult=\count145
\@dtl@numgrpsepcount=\count146
\@dtl@datatype=\count147
\dtl@codeA=\count148
\dtl@codeB=\count149
\@dtl@foreach@level=\count150
)
(/usr/share/texlive/texmf-dist/tex/latex/glossaries/base/glossaries-compatible-
307.sty
Package: glossaries-compatible-307 2016/01/24 v4.21 (NLCT)
)
\gls@level=\count151
\@gls@tmpb=\toks32
\gls@tmplen=\skip53
\glskeylisttok=\toks33
\glslabeltok=\toks34
\glsshorttok=\toks35
\glslongtok=\toks36

(/usr/share/texlive/texmf-dist/tex/latex/glossaries/styles/glossary-hypernav.st
y
Package: glossary-hypernav 2016/01/24 v4.21 (NLCT)
) (/usr/share/texlive/texmf-dist/tex/latex/glossaries/styles/glossary-list.sty
Package: glossary-list 2016/01/24 v4.21 (NLCT)
\glslistdottedwidth=\skip54
) (/usr/share/texlive/texmf-dist/tex/latex/glossaries/styles/glossary-long.sty
Package: glossary-long 2016/01/24 v4.21 (NLCT)

(/usr/share/texlive/texmf-dist/tex/latex/tools/longtable.sty
Package: longtable 2014/10/28 v4.11 Multi-page Table package (DPC)
\LTleft=\skip55
\LTright=\skip56
\LTpre=\skip57
\LTpost=\skip58
\LTchunksize=\count152
\LTcapwidth=\dimen150
\LT@head=\box35
\LT@firsthead=\box36
\LT@foot=\box37
\LT@lastfoot=\box38
\LT@cols=\count153
\LT@rows=\count154
\c@LT@tables=\count155
\c@LT@chunks=\count156
\LT@p@ftn=\toks37
)
\glsdescwidth=\skip59
\glspagelistwidth=\skip60
)
(/usr/share/texlive/texmf-dist/tex/latex/glossaries/styles/glossary-super.sty
Package: glossary-super 2016/01/24 v4.21 (NLCT)

(/usr/share/texlive/texmf-dist/tex/latex/supertabular/supertabular.sty
Package: supertabular 2004/02/20 v4.1e the supertabular environment
\c@tracingst=\count157
\ST@wd=\dimen151
\ST@rightskip=\skip61
\ST@leftskip=\skip62
\ST@parfillskip=\skip63
\ST@pageleft=\dimen152
\ST@headht=\dimen153
\ST@tailht=\dimen154
\ST@pagesofar=\dimen155
\ST@pboxht=\dimen156
\ST@lineht=\dimen157
\ST@stretchht=\dimen158
\ST@prevht=\dimen159
\ST@toadd=\dimen160
\ST@dimen=\dimen161
\ST@pbox=\box39
))
(/usr/share/texlive/texmf-dist/tex/latex/glossaries/styles/glossary-tree.sty
Package: glossary-tree 2016/01/24 v4.21 (NLCT)
\glstreeindent=\skip64
))
(./acronymlist.tex)
\glswrite=\write4
\glo@acronym@file=\write5
\openout5 = `main0.acn'.

Package glossaries Info: Writing glossary file main0.acn on input line 25.

(/usr/share/texlive/texmf-dist/tex/latex/totpages/totpages.sty
Package: totpages 2005/09/19 v2.00 Totpages Package (muewi)

(/usr/share/texlive/texmf-dist/tex/latex/ms/everyshi.sty
Package: everyshi 2001/05/15 v3.00 EveryShipout Package (MS)
)) (./main0.aux
(./Chapters/Introduction.aux) (./Chapters/BackgroundAndRelatedWorks.aux)
(./Chapters/CassandraPilotTest.aux

LaTeX Warning: Label `fig:res' multiply defined.


LaTeX Warning: Label `fig:res' multiply defined.


LaTeX Warning: Label `fig:res' multiply defined.

) (./Chapters/Methodology.aux) (./Chapters/Results-all.aux)
(./Chapters/Summary.aux))
\openout1 = `main0.aux'.

LaTeX Font Info:    Checking defaults for OML/cmm/m/it on input line 33.
LaTeX Font Info:    ... okay on input line 33.
LaTeX Font Info:    Checking defaults for T1/cmr/m/n on input line 33.
LaTeX Font Info:    ... okay on input line 33.
LaTeX Font Info:    Checking defaults for OT1/cmr/m/n on input line 33.
LaTeX Font Info:    ... okay on input line 33.
LaTeX Font Info:    Checking defaults for OMS/cmsy/m/n on input line 33.
LaTeX Font Info:    ... okay on input line 33.
LaTeX Font Info:    Checking defaults for OMX/cmex/m/n on input line 33.
LaTeX Font Info:    ... okay on input line 33.
LaTeX Font Info:    Checking defaults for U/cmr/m/n on input line 33.
LaTeX Font Info:    ... okay on input line 33.
LaTeX Font Info:    Checking defaults for PD1/pdf/m/n on input line 33.
LaTeX Font Info:    ... okay on input line 33.
Package caption Info: Begin \AtBeginDocument code.
Package caption Info: float package is loaded.
Package caption Info: hyperref package is loaded.
Package caption Info: listings package is loaded.
Package caption Info: longtable package is loaded.

(/usr/share/texlive/texmf-dist/tex/latex/caption/ltcaption.sty
Package: ltcaption 2013/06/09 v1.4-94 longtable captions (AR)
)
Package caption Info: supertabular package is loaded.
Package caption Info: threeparttable package is loaded.
Package caption Info: End \AtBeginDocument code.

*geometry* driver: auto-detecting
*geometry* detected driver: pdftex
*geometry* verbose mode - [ preamble ] result:
* driver: pdftex
* paper: letterpaper
* layout: <same size as paper>
* layoutoffset:(h,v)=(0.0pt,0.0pt)
* modes: 
* h-part:(L,W,R)=(90.3375pt, 433.62001pt, 90.3375pt)
* v-part:(T,H,B)=(72.26999pt, 632.3625pt, 90.3375pt)
* \paperwidth=614.295pt
* \paperheight=794.96999pt
* \textwidth=433.62001pt
* \textheight=632.3625pt
* \oddsidemargin=18.0675pt
* \evensidemargin=18.0675pt
* \topmargin=-31.8738pt
* \headheight=12.0pt
* \headsep=19.8738pt
* \topskip=12.0pt
* \footskip=30.0pt
* \marginparwidth=47.0pt
* \marginparsep=7.0pt
* \columnsep=10.0pt
* \skip\footins=10.8pt plus 4.0pt minus 2.0pt
* \hoffset=0.0pt
* \voffset=0.0pt
* \mag=1000
* \@twocolumnfalse
* \@twosidefalse
* \@mparswitchfalse
* \@reversemarginfalse
* (1in=72.27pt=25.4mm, 1cm=28.453pt)

\c@lstlisting=\count158
(/usr/share/texlive/texmf-dist/tex/context/base/supp-pdf.mkii
[Loading MPS to PDF converter (version 2006.09.02).]
\scratchcounter=\count159
\scratchdimen=\dimen162
\scratchbox=\box40
\nofMPsegments=\count160
\nofMParguments=\count161
\everyMPshowfont=\toks38
\MPscratchCnt=\count162
\MPscratchDim=\dimen163
\MPnumerator=\count163
\makeMPintoPDFobject=\count164
\everyMPtoPDFconversion=\toks39
) (/usr/share/texlive/texmf-dist/tex/latex/oberdiek/epstopdf-base.sty
Package: epstopdf-base 2010/02/09 v2.5 Base part for package epstopdf

(/usr/share/texlive/texmf-dist/tex/latex/oberdiek/grfext.sty
Package: grfext 2010/08/19 v1.1 Manage graphics extensions (HO)
)
Package grfext Info: Graphics extension search list:
(grfext)             [.jpg,.pdf,.png,.eps]
(grfext)             \AppendGraphicsExtensions on input line 452.

(/usr/share/texlive/texmf-dist/tex/latex/latexconfig/epstopdf-sys.cfg
File: epstopdf-sys.cfg 2010/07/13 v1.3 Configuration of (r)epstopdf for TeX Liv
e
))
\AtBeginShipoutBox=\box41
Package hyperref Info: Link coloring OFF on input line 33.

(/usr/share/texlive/texmf-dist/tex/latex/hyperref/nameref.sty
Package: nameref 2012/10/27 v2.43 Cross-referencing by name of section

(/usr/share/texlive/texmf-dist/tex/generic/oberdiek/gettitlestring.sty
Package: gettitlestring 2010/12/03 v1.4 Cleanup title references (HO)
)
\c@section@level=\count165
LaTeX Info: Redefining \Ref on input line 513.
)
LaTeX Info: Redefining \ref on input line 33.
LaTeX Info: Redefining \pageref on input line 33.
LaTeX Info: Redefining \nameref on input line 33.

(./main0.out) (./main0.out)
\@outlinefile=\write6
\openout6 = `main0.out'.

LaTeX Info: Redefining \Ref on input line 33.
 ABD: EveryShipout initializing macros
<./Figures/afitlogo.pdf, id=349, 614.295pt x 794.97pt>
File: ./Figures/afitlogo.pdf Graphic file (type pdf)

<use ./Figures/afitlogo.pdf>
Package pdftex.def Info: ./Figures/afitlogo.pdf used on input line 38.
(pdftex.def)             Requested size: 202.35622pt x 261.86783pt.
LaTeX Font Info:    Try loading font information for U+msa on input line 38.

(/usr/share/texlive/texmf-dist/tex/latex/amsfonts/umsa.fd
File: umsa.fd 2013/01/14 v3.01 AMS symbols A
)
LaTeX Font Info:    Try loading font information for U+msb on input line 38.

(/usr/share/texlive/texmf-dist/tex/latex/amsfonts/umsb.fd
File: umsb.fd 2013/01/14 v3.01 AMS symbols B
)

LaTeX Font Warning: Font shape `OT1/cmr/m/n' in size <142.26378> not available
(Font)              size <24.88> substituted on input line 38.

[1.1{/var/lib/texmf/fonts/map/pdftex/updmap/pdftex.map}

\openout4 = `main0.xdy'.



 <./Figures/afitlogo.pdf>]pdfTeX warning (ext4): destination with the same iden
tifier (name{page.i}) has been already used, duplicate ignored
<to be read again> 
                   \relax 
l.39 	\disclaimerpage
                      [1.2]pdfTeX warning (ext4): destination with the same ide
ntifier (name{page.i}) has been already used, duplicate ignored
<to be read again> 
                   \relax 
l.40 	\titlepageAFIT
                     [1.3

] [3.4] (./main0.toc [4.5

] [5.6])
\tf@toc=\write7
\openout7 = `main0.toc'.

 [6.7] (./main0.lof

LaTeX Warning: Citation `Abramova2014' on page vii undefined on input line 8.


LaTeX Warning: Citation `Abramova2014' on page vii undefined on input line 9.


LaTeX Warning: Citation `Abramova2014' on page vii undefined on input line 10.

[7.8

])
\tf@lof=\write8
\openout8 = `main0.lof'.

 [8.9] (./main0.lot

LaTeX Warning: Citation `Abramova2014' on page ix undefined on input line 3.


LaTeX Warning: Citation `SanDiskCard' on page ix undefined on input line 4.

[9.10

])
\tf@lot=\write9
\openout9 = `main0.lot'.

 [10.11]
No file main0.acr.
[11.12] [12.13

]
\openout2 = `Chapters/Introduction.aux'.

 (./Chapters/Introduction.tex
Chapter I.
[1.14



] [2.15]

LaTeX Warning: Citation `LuTan2010' on page 3 undefined on input line 48.

[3.16]

LaTeX Warning: Reference `Methodology' on page 4 undefined on input line 56.

[4.17]

LaTeX Warning: Reference `networking considerations' on page 5 undefined on inp
ut line 65.


LaTeX Warning: Reference `YCSB' on page 5 undefined on input line 82.

[5.18]

LaTeX Warning: Reference `Methodology' on page 6 undefined on input line 86.


LaTeX Warning: Reference `Methodology' on page 6 undefined on input line 90.


LaTeX Warning: Reference `Methodology' on page 6 undefined on input line 94.

[6.19] [7.20]

LaTeX Warning: Reference `Methodology' on page 8 undefined on input line 156.


LaTeX Warning: Reference `Results' on page 8 undefined on input line 158.


LaTeX Warning: Reference `Methodology' on page 8 undefined on input line 158.

[8.21]) [9.22]
\openout2 = `Chapters/BackgroundAndRelatedWorks.aux'.

 (./Chapters/BackgroundAndRelatedWorks.tex
Chapter II.

Overfull \hbox (4.81155pt too wide) in paragraph at lines 9--10
[]\OT1/cmr/m/n/12 From an ex-per-i-men-tal stand-point, the dis-tributed na-tur
e of a Cas-san-dra "keyspace"
 []

[10.23



] [11.24]

LaTeX Warning: Citation `Cooper2010' on page 12 undefined on input line 48.


LaTeX Warning: Citation `Cooper2010' on page 12 undefined on input line 54.


LaTeX Warning: Citation `Cooper2010' on page 12 undefined on input line 56.


LaTeX Warning: Citation `Cooper2010' on page 12 undefined on input line 62.


LaTeX Warning: Citation `Abramova2014' on page 12 undefined on input line 65.


LaTeX Warning: Citation `Abramova2014' on page 12 undefined on input line 69.

[12.25]

Package hyperref Warning: Token not allowed in a PDF string (PDFDocEncoding):
(hyperref)                removing `\gls' on input line 72.


LaTeX Warning: Citation `Waddington2016' on page 13 undefined on input line 104
.

[13.26]

LaTeX Warning: Citation `Kurose' on page 14 undefined on input line 107.

[14.27] <Figures/venn_diagram.pdf, id=852, 722.7pt x 406.51875pt>
File: Figures/venn_diagram.pdf Graphic file (type pdf)

<use Figures/venn_diagram.pdf>
Package pdftex.def Info: Figures/venn_diagram.pdf used on input line 135.
(pdftex.def)             Requested size: 199.16928pt x 112.03181pt.

<Figures/iot_original_model.pdf, id=853, 963.6pt x 542.025pt>
File: Figures/iot_original_model.pdf Graphic file (type pdf)

<use Figures/iot_original_model.pdf>
Package pdftex.def Info: Figures/iot_original_model.pdf used on input line 142.

(pdftex.def)             Requested size: 199.16928pt x 112.0256pt.

<Figures/iot_modified.pdf, id=858, 722.7pt x 406.51875pt>
File: Figures/iot_modified.pdf Graphic file (type pdf)

<use Figures/iot_modified.pdf>
Package pdftex.def Info: Figures/iot_modified.pdf used on input line 149.
(pdftex.def)             Requested size: 199.16928pt x 112.03181pt.


LaTeX Warning: `h' float specifier changed to `ht'.

[15.28 <./Figures/venn_diagram.pdf> <./Figures/iot_original_model.pdf

pdfTeX warning: pdflatex (file ./Figures/iot_original_model.pdf): PDF inclusion
: multiple pdfs with page group included in a single page
>] [16.29 <./Figures/iot_modified.pdf>] [17.30] [18.31]

LaTeX Warning: Citation `Cooper2010' on page 19 undefined on input line 181.

Missing character: There is no ‚ in font cmr12!
Missing character: There is no Ä in font cmr12!
Missing character: There is no ú in font cmr12!
Missing character: There is no ‚ in font cmr12!
Missing character: There is no Ä in font cmr12!
Missing character: There is no ù in font cmr12!
Missing character: There is no ‚ in font cmr12!
Missing character: There is no Ä in font cmr12!
Missing character: There is no ú in font cmr12!
Missing character: There is no ‚ in font cmr12!
Missing character: There is no Ä in font cmr12!
Missing character: There is no ù in font cmr12!
Missing character: There is no ‚ in font cmr12!
Missing character: There is no Ä in font cmr12!
Missing character: There is no ú in font cmr12!
Missing character: There is no ‚ in font cmr12!
Missing character: There is no Ä in font cmr12!
Missing character: There is no ù in font cmr12!
[19.32]
Missing character: There is no ‚ in font cmr12!
Missing character: There is no Ä in font cmr12!
Missing character: There is no ú in font cmr12!
Missing character: There is no ‚ in font cmr12!
Missing character: There is no Ä in font cmr12!
Missing character: There is no ù in font cmr12!
Missing character: There is no ‚ in font cmr12!
Missing character: There is no Ä in font cmr12!
Missing character: There is no ú in font cmr12!
Missing character: There is no ‚ in font cmr12!
Missing character: There is no Ä in font cmr12!
Missing character: There is no ù in font cmr12!
Missing character: There is no ‚ in font cmr12!
Missing character: There is no Ä in font cmr12!
Missing character: There is no ú in font cmr12!
Missing character: There is no ‚ in font cmr12!
Missing character: There is no Ä in font cmr12!
Missing character: There is no ù in font cmr12!


LaTeX Warning: Reference `Factors Held Constant' on page 20 undefined on input 
line 197.


Overfull \hbox (4.81155pt too wide) in paragraph at lines 196--198
[]\OT1/cmr/m/n/12 From an ex-per-i-men-tal stand-point, the dis-tributed na-tur
e of a Cas-san-dra "keyspace"
 []

[20.33]

LaTeX Warning: Citation `iot' on page 21 undefined on input line 205.


Underfull \hbox (badness 10000) in paragraph at lines 217--217
[]\OT1/cmr/m/n/12 Octa-core 1.8GHz
 []


Underfull \hbox (badness 10000) in paragraph at lines 217--217
[]\OT1/cmr/m/n/12 8 GB eMMC
 []


Underfull \hbox (badness 10000) in paragraph at lines 223--223
[]\OT1/cmr/m/n/12 Arduino
 []


Underfull \hbox (badness 10000) in paragraph at lines 223--223
\OT1/cmr/m/n/12 IN-DUS-
 []


Underfull \hbox (badness 10000) in paragraph at lines 223--223
\OT1/cmr/m/n/12 TRIAL
 []


Underfull \hbox (badness 10000) in paragraph at lines 225--225
[]\OT1/cmr/m/n/12 NanoPi 2
 []


Underfull \hbox (badness 10000) in paragraph at lines 225--225
[]\OT1/cmr/m/n/12 Samsung S5P4418
 []


Underfull \hbox (badness 10000) in paragraph at lines 225--225
\OT1/cmr/m/n/12 quad-core ARM
 []


Underfull \hbox (badness 1178) in paragraph at lines 225--225
[]\OT1/cmr/m/n/12 1 GB Mi-croSD
 []


Underfull \hbox (badness 10000) in paragraph at lines 227--227
[]\OT1/cmr/m/n/12 NanoPC-
 []


Underfull \hbox (badness 10000) in paragraph at lines 227--227
[]\OT1/cmr/m/n/12 Samsung S5P6818
 []


Underfull \hbox (badness 10000) in paragraph at lines 227--227
\OT1/cmr/m/n/12 octa-core ARM
 []


Underfull \hbox (badness 10000) in paragraph at lines 227--227
[]\OT1/cmr/m/n/12 1-2GB of
 []


Underfull \hbox (badness 10000) in paragraph at lines 227--227
[]\OT1/cmr/m/n/12 8GB of flash
 []


Underfull \hbox (badness 6284) in paragraph at lines 229--229
[]\OT1/cmr/m/n/12 Intel Edi-
 []


Underfull \hbox (badness 10000) in paragraph at lines 229--229
\OT1/cmr/m/n/12 son with
 []


Underfull \hbox (badness 10000) in paragraph at lines 229--229
\OT1/cmr/m/n/12 Kit for
 []


Underfull \hbox (badness 10000) in paragraph at lines 229--229
[]\OT1/cmr/m/n/12 Dual-core, dual-
 []


Underfull \hbox (badness 1102) in paragraph at lines 229--229
\OT1/cmr/m/n/12 threaded In-tel Atom
 []


Underfull \hbox (badness 2884) in paragraph at lines 229--229
\OT1/cmr/m/n/12 CPU with a 32-bit
 []


Underfull \hbox (badness 10000) in paragraph at lines 229--229
[]\OT1/cmr/m/n/12 1GB of
 []


Underfull \hbox (badness 10000) in paragraph at lines 229--229
[]\OT1/cmr/m/n/12 4GB of flash
 []


Underfull \hbox (badness 10000) in paragraph at lines 231--231
[]\OT1/cmr/m/n/12 Freescale i.MX23
 []


Underfull \hbox (badness 10000) in paragraph at lines 231--231
[]\OT1/cmr/m/n/12 64MB of
 []


Underfull \hbox (badness 10000) in paragraph at lines 233--233
[]\OT1/cmr/m/n/12 16-core Epiphany
 []


Underfull \hbox (badness 10000) in paragraph at lines 235--235
[]\OT1/cmr/m/n/12 1GB
 []


Underfull \hbox (badness 10000) in paragraph at lines 235--235
[]\OT1/cmr/m/n/12 Micro-SD stor-
 []


Underfull \hbox (badness 10000) in paragraph at lines 237--237
[]\OT1/cmr/m/n/12 Freescale i.MX6Q
 []


Underfull \hbox (badness 10000) in paragraph at lines 237--237
\OT1/cmr/m/n/12 Cortex-A9 up to
 []


Underfull \hbox (badness 10000) in paragraph at lines 237--237
[]\OT1/cmr/m/n/12 2GB of
 []


Underfull \hbox (badness 10000) in paragraph at lines 239--239
[]\OT1/cmr/m/n/12 Raspberry
 []


Underfull \hbox (badness 4193) in paragraph at lines 239--239
[]\OT1/cmr/m/n/12 900 MHz quad-core
 []

) [21.34] [22.35]
\openout2 = `Chapters/CassandraPilotTest.aux'.

 (./Chapters/CassandraPilotTest.tex
Chapter III.

Overfull \hbox (0.20326pt too wide) in paragraph at lines 9--10
\OT1/cmr/m/n/12 when one in-vokes the cassandra-stress, the out-put is placed i
nto an [][]Hy-per-Text Markup
 []

[23.36



] <Figures/figures-cs1_fig1.pdf, id=1024, 803.0pt x 602.25pt>
File: Figures/figures-cs1_fig1.pdf Graphic file (type pdf)

<use Figures/figures-cs1_fig1.pdf>
Package pdftex.def Info: Figures/figures-cs1_fig1.pdf used on input line 18.
(pdftex.def)             Requested size: 199.16928pt x 149.37666pt.

<Figures/figures-cs1_fig2.pdf, id=1025, 803.0pt x 602.25pt>
File: Figures/figures-cs1_fig2.pdf Graphic file (type pdf)

<use Figures/figures-cs1_fig2.pdf>
Package pdftex.def Info: Figures/figures-cs1_fig2.pdf used on input line 26.
(pdftex.def)             Requested size: 199.16928pt x 149.37666pt.


LaTeX Warning: `h' float specifier changed to `ht'.

[24.37 <./Figures/figures-cs1_fig1.pdf>]
<Figures/figures-cs1_fig3.pdf, id=1041, 803.0pt x 602.25pt>
File: Figures/figures-cs1_fig3.pdf Graphic file (type pdf)

<use Figures/figures-cs1_fig3.pdf>
Package pdftex.def Info: Figures/figures-cs1_fig3.pdf used on input line 35.
(pdftex.def)             Requested size: 199.16928pt x 149.37666pt.
 [25.38 <./Figures/figures-cs1_fig2.pdf> <./Figures/figures-cs1_fig3.pdf

pdfTeX warning: pdflatex (file ./Figures/figures-cs1_fig3.pdf): PDF inclusion: 
multiple pdfs with page group included in a single page
>] <Figures/figures-cs1_fig4.pdf, id=1066, 803.0pt x 602.25pt>
File: Figures/figures-cs1_fig4.pdf Graphic file (type pdf)

<use Figures/figures-cs1_fig4.pdf>
Package pdftex.def Info: Figures/figures-cs1_fig4.pdf used on input line 44.
(pdftex.def)             Requested size: 199.16928pt x 149.37666pt.
) [26.39 <./Figures/figures-cs1_fig4.pdf>]
\openout2 = `Chapters/Methodology.aux'.


(./Chapters/Methodology.tex
Chapter IV.

LaTeX Warning: Citation `Abramova2014' on page 27 undefined on input line 5.


LaTeX Warning: Citation `Abramova2014' on page 27 undefined on input line 5.

Missing character: There is no ‚ in font cmr12!
Missing character: There is no Ä in font cmr12!
Missing character: There is no ô in font cmr12!

LaTeX Warning: Citation `Abramova2014' on page 27 undefined on input line 7.

Missing character: There is no ‚ in font cmr12!
Missing character: There is no Ä in font cmr12!
Missing character: There is no ô in font cmr12!
Missing character: There is no ‚ in font cmr12!
Missing character: There is no Ä in font cmr12!
Missing character: There is no ú in font cmr12!
Missing character: There is no ‚ in font cmr12!
Missing character: There is no Ä in font cmr12!
Missing character: There is no ù in font cmr12!

LaTeX Warning: Citation `Abramova2014' on page 27 undefined on input line 7.

Missing character: There is no ‚ in font cmr12!
Missing character: There is no Ä in font cmr12!
Missing character: There is no ô in font cmr12!

LaTeX Warning: Citation `Abramova2014' on page 27 undefined on input line 9.

Missing character: There is no ‚ in font cmr12!
Missing character: There is no Ä in font cmr12!
Missing character: There is no ì in font cmr12!
Missing character: There is no ‚ in font cmr12!
Missing character: There is no Ä in font cmr12!
Missing character: There is no ì in font cmr12!
Missing character: There is no ‚ in font cmr12!
Missing character: There is no Ä in font cmr12!
Missing character: There is no ì in font cmr12!
Missing character: There is no ‚ in font cmr12!
Missing character: There is no Ä in font cmr12!
Missing character: There is no ì in font cmr12!
Missing character: There is no ‚ in font cmr12!
Missing character: There is no Ä in font cmr12!
Missing character: There is no ì in font cmr12!
Missing character: There is no ‚ in font cmr12!
Missing character: There is no Ä in font cmr12!
Missing character: There is no ì in font cmr12!

LaTeX Warning: Citation `Abramova2014' on page 27 undefined on input line 11.

[27.40



]

LaTeX Warning: Citation `Abramova2014' on page 28 undefined on input line 13.


LaTeX Warning: Citation `Abramova2014' on page 28 undefined on input line 42.


LaTeX Warning: Citation `Abramova2014' on page 28 undefined on input line 42.

<Figures/figures-wla_fig1.pdf, id=1096, 803.0pt x 602.25pt>
File: Figures/figures-wla_fig1.pdf Graphic file (type pdf)

<use Figures/figures-wla_fig1.pdf>
Package pdftex.def Info: Figures/figures-wla_fig1.pdf used on input line 47.
(pdftex.def)             Requested size: 252.94499pt x 189.70975pt.


LaTeX Warning: Citation `Abramova2014' on page 28 undefined on input line 49.


LaTeX Warning: Citation `Abramova2014' on page 28 undefined on input line 49.

<Figures/figures-wlc_fig1.pdf, id=1097, 803.0pt x 602.25pt>
File: Figures/figures-wlc_fig1.pdf Graphic file (type pdf)

<use Figures/figures-wlc_fig1.pdf>
Package pdftex.def Info: Figures/figures-wlc_fig1.pdf used on input line 55.
(pdftex.def)             Requested size: 252.94499pt x 189.70975pt.


LaTeX Warning: Citation `Abramova2014' on page 28 undefined on input line 57.


LaTeX Warning: Citation `Abramova2014' on page 28 undefined on input line 57.


LaTeX Warning: `h' float specifier changed to `ht'.

<Figures/figures-wle_fig1.pdf, id=1098, 803.0pt x 602.25pt>
File: Figures/figures-wle_fig1.pdf Graphic file (type pdf)

<use Figures/figures-wle_fig1.pdf>
Package pdftex.def Info: Figures/figures-wle_fig1.pdf used on input line 63.
(pdftex.def)             Requested size: 252.94499pt x 189.70975pt.


LaTeX Warning: Citation `Abramova2014' on page 28 undefined on input line 65.


LaTeX Warning: Citation `Abramova2014' on page 28 undefined on input line 65.


LaTeX Warning: `h' float specifier changed to `ht'.

[28.41 <./Figures/figures-wla_fig1.pdf>]

LaTeX Warning: Citation `Abramova2014' on page 29 undefined on input line 74.

LaTeX Font Info:    Try loading font information for OMS+cmr on input line 76.
(/usr/share/texlive/texmf-dist/tex/latex/base/omscmr.fd
File: omscmr.fd 2014/09/29 v2.5h Standard LaTeX font definitions
)
LaTeX Font Info:    Font shape `OMS/cmr/m/n' in size <12> not available
(Font)              Font shape `OMS/cmsy/m/n' tried instead on input line 76.
 [29.42 <./Figures/figures-wlc_fig1.pdf>]

LaTeX Warning: Citation `Abramova2014' on page 30 undefined on input line 84.


LaTeX Warning: Citation `Abramova2014' on page 30 undefined on input line 92.

[30.43 <./Figures/figures-wle_fig1.pdf>]

Package hyperref Warning: Token not allowed in a PDF string (PDFDocEncoding):
(hyperref)                removing `\gls' on input line 106.

[31.44]

Package hyperref Warning: Token not allowed in a PDF string (PDFDocEncoding):
(hyperref)                removing `\gls' on input line 110.


Package hyperref Warning: Token not allowed in a PDF string (PDFDocEncoding):
(hyperref)                removing `\gls' on input line 124.


LaTeX Warning: Citation `SanDiskCard' on page 32 undefined on input line 145.


LaTeX Warning: Citation `SanDiskCard' on page 32 undefined on input line 145.

Missing character: There is no ‚ in font cmr12!
Missing character: There is no Ä in font cmr12!
Missing character: There is no ô in font cmr12!
[32.45]

LaTeX Warning: Citation `Abramova2014' on page 33 undefined on input line 156.


LaTeX Warning: Citation `Abramova2014' on page 33 undefined on input line 156.

[33.46] <Figures/figures-wla_fig2.pdf, id=1170, 803.0pt x 602.25pt>
File: Figures/figures-wla_fig2.pdf Graphic file (type pdf)

<use Figures/figures-wla_fig2.pdf>
Package pdftex.def Info: Figures/figures-wla_fig2.pdf used on input line 162.
(pdftex.def)             Requested size: 252.94499pt x 189.70975pt.


LaTeX Warning: Citation `Abramova2014' on page 34 undefined on input line 169.

<Figures/figures-wla_fig3.pdf, id=1171, 803.0pt x 602.25pt>
File: Figures/figures-wla_fig3.pdf Graphic file (type pdf)

<use Figures/figures-wla_fig3.pdf>
Package pdftex.def Info: Figures/figures-wla_fig3.pdf used on input line 172.
(pdftex.def)             Requested size: 252.94499pt x 189.70975pt.


LaTeX Warning: `h' float specifier changed to `ht'.

[34.47 <./Figures/figures-wla_fig2.pdf>]

LaTeX Warning: Citation `Abramova2014' on page 35 undefined on input line 183.


LaTeX Warning: Citation `Abramova2014' on page 35 undefined on input line 226.

[35.48 <./Figures/figures-wla_fig3.pdf>]

LaTeX Warning: Citation `Abramova2014' on page 36 undefined on input line 228.

[36.49]
Overfull \hbox (78.56377pt too wide) in paragraph at lines 236--237
[]\OT1/cmr/m/n/12 There are a few set-tings that had to be taken into ac-count.
 De-noted $\OML/cmm/m/it/12 commitlog[]total[]space[]in[]mb$\OT1/cmr/m/n/12 ,
 []


Package hyperref Warning: Token not allowed in a PDF string (PDFDocEncoding):
(hyperref)                removing `\gls' on input line 240.

[37.50]
Missing character: There is no ‚ in font cmr12!
Missing character: There is no Ä in font cmr12!
Missing character: There is no ô in font cmr12!
 [38.51]

LaTeX Warning: Citation `Abramova2014' on page 39 undefined on input line 305.

[39.52]

Package hyperref Warning: Token not allowed in a PDF string (PDFDocEncoding):
(hyperref)                removing `\gls' on input line 313.

<Figures/lan_eth.pdf, id=1265, 722.7pt x 406.51875pt>
File: Figures/lan_eth.pdf Graphic file (type pdf)

<use Figures/lan_eth.pdf>
Package pdftex.def Info: Figures/lan_eth.pdf used on input line 373.
(pdftex.def)             Requested size: 199.16928pt x 112.03181pt.


LaTeX Warning: `h' float specifier changed to `ht'.


Package hyperref Warning: Token not allowed in a PDF string (PDFDocEncoding):
(hyperref)                removing `\gls' on input line 380.

[40.53] [41.54]
Missing character: There is no ‚ in font cmr12!
Missing character: There is no Ä in font cmr12!
Missing character: There is no ì in font cmr12!
Missing character: There is no ‚ in font cmr12!
Missing character: There is no Ä in font cmr12!
Missing character: There is no ì in font cmr12!
Missing character: There is no ‚ in font cmr12!
Missing character: There is no Ä in font cmr12!
Missing character: There is no ì in font cmr12!


LaTeX Warning: Citation `RaspberryHut' on page 42 undefined on input line 384.

[42.55 <./Figures/lan_eth.pdf>]
Missing character: There is no ‚ in font cmr12!
Missing character: There is no Ä in font cmr12!
Missing character: There is no ô in font cmr12!


LaTeX Warning: Citation `Abramova2014' on page 43 undefined on input line 426.

[43.56]
Missing character: There is no ‚ in font cmr12!
Missing character: There is no Ä in font cmr12!
Missing character: There is no ô in font cmr12!
Missing character: There is no ‚ in font cmr12!
Missing character: There is no Ä in font cmr12!
Missing character: There is no ô in font cmr12!
Missing character: There is no ‚ in font cmr12!
Missing character: There is no Ä in font cmr12!
Missing character: There is no ô in font cmr12!
Missing character: There is no ‚ in font cmr12!
Missing character: There is no Ä in font cmr12!
Missing character: There is no ò in font cmr12!
Missing character: There is no ‚ in font cmr12!
Missing character: There is no Ä in font cmr12!
Missing character: There is no ô in font cmr12!
 [44.57]) [45.58]
\openout2 = `Chapters/Results-all.aux'.

 (./Chapters/Results-all.tex
Chapter V.

LaTeX Warning: Reference `figures-wla_fig5' on page 46 undefined on input line 
7.

File: Figures/figures-wla_fig1.pdf Graphic file (type pdf)
<use Figures/figures-wla_fig1.pdf>
Package pdftex.def Info: Figures/figures-wla_fig1.pdf used on input line 8.
(pdftex.def)             Requested size: 397.48499pt x 298.11926pt.

<Figures/figures-wla_fig5.pdf, id=1319, 803.0pt x 602.25pt>
File: Figures/figures-wla_fig5.pdf Graphic file (type pdf)

<use Figures/figures-wla_fig5.pdf>
Package pdftex.def Info: Figures/figures-wla_fig5.pdf used on input line 14.
(pdftex.def)             Requested size: 397.48499pt x 298.11926pt.


LaTeX Warning: `h' float specifier changed to `ht'.

[46.59



]

LaTeX Warning: Reference `table:summary_table_a_1GB_vm_nodal' on page 47 undefi
ned on input line 24.


LaTeX Warning: Reference `table:summary_table_a_2GB_vm_nodal' on page 47 undefi
ned on input line 24.


LaTeX Warning: Reference `table:summary_table_a_4GB_vm_nodal' on page 47 undefi
ned on input line 24.


LaTeX Warning: Reference `figures-wla_fig4' on page 47 undefined on input line 
53.

<Figures/figures-wla_fig4.pdf, id=1325, 803.0pt x 602.25pt>
File: Figures/figures-wla_fig4.pdf Graphic file (type pdf)

<use Figures/figures-wla_fig4.pdf>
Package pdftex.def Info: Figures/figures-wla_fig4.pdf used on input line 54.
(pdftex.def)             Requested size: 397.48499pt x 298.11926pt.
 [47.60 <./Figures/figures-wla_fig5.pdf>]

LaTeX Warning: `h' float specifier changed to `ht'.


LaTeX Warning: Reference `table:summary_table_a_1GB_vm_nodal' on page 48 undefi
ned on input line 64.


LaTeX Warning: Reference `table:summary_table_a_2GB_vm_nodal' on page 48 undefi
ned on input line 64.


LaTeX Warning: Reference `table:summary_table_a_4GB_vm_nodal' on page 48 undefi
ned on input line 64.

[48.61] [49.62]

LaTeX Warning: Reference `figures-wla_fig10' on page 50 undefined on input line
 131.

<Figures/figures-wla_fig10.pdf, id=1355, 803.0pt x 602.25pt>
File: Figures/figures-wla_fig10.pdf Graphic file (type pdf)

<use Figures/figures-wla_fig10.pdf>
Package pdftex.def Info: Figures/figures-wla_fig10.pdf used on input line 132.
(pdftex.def)             Requested size: 397.48499pt x 298.11926pt.


LaTeX Warning: `h' float specifier changed to `ht'.

[50.63 <./Figures/figures-wla_fig4.pdf>]

LaTeX Warning: Reference `table:summary_table_a_1GB_rp_eth' on page 51 undefine
d on input line 142.


Overfull \hbox (6.8343pt too wide) in paragraph at lines 144--159
[][] 
 []


LaTeX Warning: Reference `figures-wla_fig6' on page 51 undefined on input line 
186.

<Figures/figures-wla_fig6.pdf, id=1370, 803.0pt x 602.25pt>
File: Figures/figures-wla_fig6.pdf Graphic file (type pdf)

<use Figures/figures-wla_fig6.pdf>
Package pdftex.def Info: Figures/figures-wla_fig6.pdf used on input line 187.
(pdftex.def)             Requested size: 397.48499pt x 298.11926pt.
 [51.64 <./Figures/figures-wla_fig10.pdf>]

LaTeX Warning: `h' float specifier changed to `ht'.


LaTeX Warning: Reference `table:summary_table_a_1GB_rp_eth' on page 52 undefine
d on input line 197.


LaTeX Warning: Reference `figures-wla_fig6' on page 52 undefined on input line 
207.

[52.65]

LaTeX Warning: Reference `table:summary_table_a_1GB_vm_nodal' on page 53 undefi
ned on input line 212.


LaTeX Warning: Reference `table:summary_table_a_2GB_vm_nodal' on page 53 undefi
ned on input line 212.


LaTeX Warning: Reference `table:summary_table_a_4GB_vm_nodal' on page 53 undefi
ned on input line 212.


LaTeX Warning: Reference `table:summary_table_a_1GB_rp_eth' on page 53 undefine
d on input line 213.

[53.66 <./Figures/figures-wla_fig6.pdf>]

LaTeX Warning: Reference `figures-wla_fig8' on page 54 undefined on input line 
270.

<Figures/figures-wla_fig8.pdf, id=1409, 803.0pt x 602.25pt>
File: Figures/figures-wla_fig8.pdf Graphic file (type pdf)

<use Figures/figures-wla_fig8.pdf>
Package pdftex.def Info: Figures/figures-wla_fig8.pdf used on input line 271.
(pdftex.def)             Requested size: 397.48499pt x 298.11926pt.
 [54.67]

LaTeX Warning: Reference `table:summary_table_a_1GB_rp_wlan' on page 55 undefin
ed on input line 281.


Overfull \hbox (6.8343pt too wide) in paragraph at lines 283--298
[][] 
 []

[55.68 <./Figures/figures-wla_fig8.pdf>]

LaTeX Warning: Reference `figures-wla_fig7' on page 56 undefined on input line 
325.


LaTeX Warning: Reference `figures-wla_fig9' on page 56 undefined on input line 
325.

<Figures/figures-wla_fig7.pdf, id=1434, 803.0pt x 602.25pt>
File: Figures/figures-wla_fig7.pdf Graphic file (type pdf)

<use Figures/figures-wla_fig7.pdf>
Package pdftex.def Info: Figures/figures-wla_fig7.pdf used on input line 326.
(pdftex.def)             Requested size: 397.48499pt x 298.11926pt.


LaTeX Warning: `h' float specifier changed to `ht'.

<Figures/figures-wla_fig9.pdf, id=1435, 803.0pt x 602.25pt>
File: Figures/figures-wla_fig9.pdf Graphic file (type pdf)

<use Figures/figures-wla_fig9.pdf>
Package pdftex.def Info: Figures/figures-wla_fig9.pdf used on input line 332.
(pdftex.def)             Requested size: 397.48499pt x 298.11926pt.


LaTeX Warning: `h' float specifier changed to `ht'.

[56.69]

LaTeX Warning: Reference `table:summary_table_a_1GB_rp_eth' on page 57 undefine
d on input line 342.


LaTeX Warning: Reference `table:summary_table_a_1GB_rp_wlan' on page 57 undefin
ed on input line 343.

[57.70 <./Figures/figures-wla_fig7.pdf>] [58.71 <./Figures/figures-wla_fig9.pdf
>]

LaTeX Warning: Reference `figures-wlc_fig5' on page 59 undefined on input line 
401.

File: Figures/figures-wlc_fig1.pdf Graphic file (type pdf)
<use Figures/figures-wlc_fig1.pdf>
Package pdftex.def Info: Figures/figures-wlc_fig1.pdf used on input line 402.
(pdftex.def)             Requested size: 397.48499pt x 298.11926pt.


LaTeX Warning: `h' float specifier changed to `ht'.

<Figures/figures-wlc_fig5.pdf, id=1475, 803.0pt x 602.25pt>
File: Figures/figures-wlc_fig5.pdf Graphic file (type pdf)

<use Figures/figures-wlc_fig5.pdf>
Package pdftex.def Info: Figures/figures-wlc_fig5.pdf used on input line 408.
(pdftex.def)             Requested size: 397.48499pt x 298.11926pt.


LaTeX Warning: `h' float specifier changed to `ht'.


LaTeX Warning: Reference `table:summary_table_c_1GB_vm_nodal' on page 59 undefi
ned on input line 418.


LaTeX Warning: Reference `table:summary_table_c_2GB_vm_nodal' on page 59 undefi
ned on input line 418.


LaTeX Warning: Reference `table:summary_table_c_4GB_vm_nodal' on page 59 undefi
ned on input line 418.

[59.72]

LaTeX Warning: Reference `figures-wlc_fig4' on page 60 undefined on input line 
447.

<Figures/figures-wlc_fig4.pdf, id=1485, 803.0pt x 602.25pt>
File: Figures/figures-wlc_fig4.pdf Graphic file (type pdf)

<use Figures/figures-wlc_fig4.pdf>
Package pdftex.def Info: Figures/figures-wlc_fig4.pdf used on input line 448.
(pdftex.def)             Requested size: 397.48499pt x 298.11926pt.


LaTeX Warning: `h' float specifier changed to `ht'.

[60.73]

LaTeX Warning: Reference `table:summary_table_c_1GB_vm_nodal' on page 61 undefi
ned on input line 458.


LaTeX Warning: Reference `table:summary_table_c_2GB_vm_nodal' on page 61 undefi
ned on input line 458.


LaTeX Warning: Reference `table:summary_table_c_4GB_vm_nodal' on page 61 undefi
ned on input line 458.

[61.74 <./Figures/figures-wlc_fig5.pdf>] [62.75]

LaTeX Warning: Reference `figures-wlc_fig10' on page 63 undefined on input line
 525.

<Figures/figures-wlc_fig10.pdf, id=1517, 803.0pt x 602.25pt>
File: Figures/figures-wlc_fig10.pdf Graphic file (type pdf)

<use Figures/figures-wlc_fig10.pdf>
Package pdftex.def Info: Figures/figures-wlc_fig10.pdf used on input line 526.
(pdftex.def)             Requested size: 397.48499pt x 298.11926pt.


LaTeX Warning: `h' float specifier changed to `ht'.

[63.76 <./Figures/figures-wlc_fig4.pdf>]

LaTeX Warning: Reference `table:summary_table_c_1GB_rp_eth' on page 64 undefine
d on input line 536.


Overfull \hbox (6.8343pt too wide) in paragraph at lines 538--553
[][] 
 []


LaTeX Warning: Reference `figures-wlc_fig6' on page 64 undefined on input line 
580.

<Figures/figures-wlc_fig6.pdf, id=1534, 803.0pt x 602.25pt>
File: Figures/figures-wlc_fig6.pdf Graphic file (type pdf)

<use Figures/figures-wlc_fig6.pdf>
Package pdftex.def Info: Figures/figures-wlc_fig6.pdf used on input line 581.
(pdftex.def)             Requested size: 397.48499pt x 298.11926pt.
 [64.77 <./Figures/figures-wlc_fig10.pdf>]

LaTeX Warning: `h' float specifier changed to `ht'.


LaTeX Warning: Reference `table:summary_table_c_1GB_rp_eth' on page 65 undefine
d on input line 591.


LaTeX Warning: Reference `figures-wlc_fig6' on page 65 undefined on input line 
601.

[65.78]

LaTeX Warning: Reference `table:summary_table_c_1GB_vm_nodal' on page 66 undefi
ned on input line 606.


LaTeX Warning: Reference `table:summary_table_c_2GB_vm_nodal' on page 66 undefi
ned on input line 606.


LaTeX Warning: Reference `table:summary_table_c_4GB_vm_nodal' on page 66 undefi
ned on input line 606.


LaTeX Warning: Reference `table:summary_table_c_1GB_rp_eth' on page 66 undefine
d on input line 607.

[66.79 <./Figures/figures-wlc_fig6.pdf>]

LaTeX Warning: Reference `figures-wlc_fig8' on page 67 undefined on input line 
664.

<Figures/figures-wlc_fig8.pdf, id=1578, 803.0pt x 602.25pt>
File: Figures/figures-wlc_fig8.pdf Graphic file (type pdf)

<use Figures/figures-wlc_fig8.pdf>
Package pdftex.def Info: Figures/figures-wlc_fig8.pdf used on input line 665.
(pdftex.def)             Requested size: 397.48499pt x 298.11926pt.
 [67.80]

LaTeX Warning: Reference `table:summary_table_c_1GB_rp_wlan' on page 68 undefin
ed on input line 675.


Overfull \hbox (6.8343pt too wide) in paragraph at lines 677--692
[][] 
 []

[68.81 <./Figures/figures-wlc_fig8.pdf>]

LaTeX Warning: Reference `figures-wlc_fig7' on page 69 undefined on input line 
719.


LaTeX Warning: Reference `figures-wlc_fig9' on page 69 undefined on input line 
719.

<Figures/figures-wlc_fig7.pdf, id=1602, 803.0pt x 602.25pt>
File: Figures/figures-wlc_fig7.pdf Graphic file (type pdf)

<use Figures/figures-wlc_fig7.pdf>
Package pdftex.def Info: Figures/figures-wlc_fig7.pdf used on input line 720.
(pdftex.def)             Requested size: 397.48499pt x 298.11926pt.


LaTeX Warning: `h' float specifier changed to `ht'.

<Figures/figures-wlc_fig9.pdf, id=1603, 803.0pt x 602.25pt>
File: Figures/figures-wlc_fig9.pdf Graphic file (type pdf)

<use Figures/figures-wlc_fig9.pdf>
Package pdftex.def Info: Figures/figures-wlc_fig9.pdf used on input line 726.
(pdftex.def)             Requested size: 397.48499pt x 298.11926pt.


LaTeX Warning: `h' float specifier changed to `ht'.

[69.82]

LaTeX Warning: Reference `table:summary_table_c_1GB_rp_eth' on page 70 undefine
d on input line 736.


LaTeX Warning: Reference `table:summary_table_c_1GB_rp_wlan' on page 70 undefin
ed on input line 737.

[70.83 <./Figures/figures-wlc_fig7.pdf>] [71.84 <./Figures/figures-wlc_fig9.pdf
>]

LaTeX Warning: Reference `figures-wle_fig5' on page 72 undefined on input line 
795.

File: Figures/figures-wle_fig1.pdf Graphic file (type pdf)
<use Figures/figures-wle_fig1.pdf>
Package pdftex.def Info: Figures/figures-wle_fig1.pdf used on input line 796.
(pdftex.def)             Requested size: 397.48499pt x 298.11926pt.


LaTeX Warning: `h' float specifier changed to `ht'.

<Figures/figures-wle_fig5.pdf, id=1642, 803.0pt x 602.25pt>
File: Figures/figures-wle_fig5.pdf Graphic file (type pdf)

<use Figures/figures-wle_fig5.pdf>
Package pdftex.def Info: Figures/figures-wle_fig5.pdf used on input line 802.
(pdftex.def)             Requested size: 397.48499pt x 298.11926pt.


LaTeX Warning: `h' float specifier changed to `ht'.


LaTeX Warning: Reference `table:summary_table_e_1GB_vm_nodal' on page 72 undefi
ned on input line 812.


LaTeX Warning: Reference `table:summary_table_e_2GB_vm_nodal' on page 72 undefi
ned on input line 812.


LaTeX Warning: Reference `table:summary_table_e_4GB_vm_nodal' on page 72 undefi
ned on input line 812.

[72.85]

LaTeX Warning: Reference `figures-wle_fig4' on page 73 undefined on input line 
841.

<Figures/figures-wle_fig4.pdf, id=1653, 803.0pt x 602.25pt>
File: Figures/figures-wle_fig4.pdf Graphic file (type pdf)

<use Figures/figures-wle_fig4.pdf>
Package pdftex.def Info: Figures/figures-wle_fig4.pdf used on input line 842.
(pdftex.def)             Requested size: 397.48499pt x 298.11926pt.
 [73.86]

LaTeX Warning: `h' float specifier changed to `ht'.


LaTeX Warning: Reference `table:summary_table_e_1GB_vm_nodal' on page 74 undefi
ned on input line 852.


LaTeX Warning: Reference `table:summary_table_e_2GB_vm_nodal' on page 74 undefi
ned on input line 852.


LaTeX Warning: Reference `table:summary_table_e_4GB_vm_nodal' on page 74 undefi
ned on input line 852.

[74.87 <./Figures/figures-wle_fig5.pdf>] [75.88]

LaTeX Warning: Reference `figures-wle_fig10' on page 76 undefined on input line
 919.

<Figures/figures-wle_fig10.pdf, id=1684, 803.0pt x 602.25pt>
File: Figures/figures-wle_fig10.pdf Graphic file (type pdf)

<use Figures/figures-wle_fig10.pdf>
Package pdftex.def Info: Figures/figures-wle_fig10.pdf used on input line 920.
(pdftex.def)             Requested size: 397.48499pt x 298.11926pt.


LaTeX Warning: `h' float specifier changed to `ht'.

[76.89 <./Figures/figures-wle_fig4.pdf>]

LaTeX Warning: Reference `table:summary_table_e_1GB_rp_eth' on page 77 undefine
d on input line 930.


Overfull \hbox (6.8343pt too wide) in paragraph at lines 932--947
[][] 
 []


LaTeX Warning: Reference `figures-wle_fig6' on page 77 undefined on input line 
974.

<Figures/figures-wle_fig6.pdf, id=1701, 803.0pt x 602.25pt>
File: Figures/figures-wle_fig6.pdf Graphic file (type pdf)

<use Figures/figures-wle_fig6.pdf>
Package pdftex.def Info: Figures/figures-wle_fig6.pdf used on input line 975.
(pdftex.def)             Requested size: 397.48499pt x 298.11926pt.
 [77.90 <./Figures/figures-wle_fig10.pdf>]

LaTeX Warning: `h' float specifier changed to `ht'.


LaTeX Warning: Reference `table:summary_table_e_1GB_rp_eth' on page 78 undefine
d on input line 985.


LaTeX Warning: Reference `figures-wle_fig6' on page 78 undefined on input line 
995.

[78.91]

LaTeX Warning: Reference `table:summary_table_e_1GB_vm_nodal' on page 79 undefi
ned on input line 1000.


LaTeX Warning: Reference `table:summary_table_e_2GB_vm_nodal' on page 79 undefi
ned on input line 1000.


LaTeX Warning: Reference `table:summary_table_e_4GB_vm_nodal' on page 79 undefi
ned on input line 1000.


LaTeX Warning: Reference `table:summary_table_e_1GB_rp_eth' on page 79 undefine
d on input line 1001.

[79.92 <./Figures/figures-wle_fig6.pdf>]

LaTeX Warning: Reference `figures-wle_fig8' on page 80 undefined on input line 
1058.

<Figures/figures-wle_fig8.pdf, id=1745, 803.0pt x 602.25pt>
File: Figures/figures-wle_fig8.pdf Graphic file (type pdf)

<use Figures/figures-wle_fig8.pdf>
Package pdftex.def Info: Figures/figures-wle_fig8.pdf used on input line 1059.
(pdftex.def)             Requested size: 397.48499pt x 298.11926pt.
 [80.93]

LaTeX Warning: Reference `table:summary_table_e_1GB_rp_wlan' on page 81 undefin
ed on input line 1069.


Overfull \hbox (6.8343pt too wide) in paragraph at lines 1071--1086
[][] 
 []

[81.94 <./Figures/figures-wle_fig8.pdf>]

LaTeX Warning: Reference `figures-wle_fig7' on page 82 undefined on input line 
1113.


LaTeX Warning: Reference `figures-wle_fig9' on page 82 undefined on input line 
1113.

<Figures/figures-wle_fig7.pdf, id=1769, 803.0pt x 602.25pt>
File: Figures/figures-wle_fig7.pdf Graphic file (type pdf)

<use Figures/figures-wle_fig7.pdf>
Package pdftex.def Info: Figures/figures-wle_fig7.pdf used on input line 1114.
(pdftex.def)             Requested size: 397.48499pt x 298.11926pt.


LaTeX Warning: `h' float specifier changed to `ht'.

<Figures/figures-wle_fig9.pdf, id=1770, 803.0pt x 602.25pt>
File: Figures/figures-wle_fig9.pdf Graphic file (type pdf)

<use Figures/figures-wle_fig9.pdf>
Package pdftex.def Info: Figures/figures-wle_fig9.pdf used on input line 1120.
(pdftex.def)             Requested size: 397.48499pt x 298.11926pt.


LaTeX Warning: `h' float specifier changed to `ht'.

[82.95]

LaTeX Warning: Reference `table:summary_table_e_1GB_rp_eth' on page 83 undefine
d on input line 1130.


LaTeX Warning: Reference `table:summary_table_e_1GB_rp_wlan' on page 83 undefin
ed on input line 1131.

[83.96 <./Figures/figures-wle_fig7.pdf>] [84.97 <./Figures/figures-wle_fig9.pdf
>] <Figures/figures-wli_fig4.pdf, id=1811, 803.0pt x 602.25pt>
File: Figures/figures-wli_fig4.pdf Graphic file (type pdf)

<use Figures/figures-wli_fig4.pdf>
Package pdftex.def Info: Figures/figures-wli_fig4.pdf used on input line 1190.
(pdftex.def)             Requested size: 397.48499pt x 298.11926pt.


LaTeX Warning: `h' float specifier changed to `ht'.


LaTeX Warning: Reference `table:summary_table_i_2GB_vm_nodal' on page 85 undefi
ned on input line 1200.


Overfull \hbox (6.8343pt too wide) in paragraph at lines 1202--1217
[][] 
 []


Overfull \hbox (6.8343pt too wide) in paragraph at lines 1222--1237
[][] 
 []

[85.98] [86.99] <Figures/figures-wli_fig10.pdf, id=1831, 803.0pt x 602.25pt>
File: Figures/figures-wli_fig10.pdf Graphic file (type pdf)

<use Figures/figures-wli_fig10.pdf>
Package pdftex.def Info: Figures/figures-wli_fig10.pdf used on input line 1271.

(pdftex.def)             Requested size: 397.48499pt x 298.11926pt.
 [87.100 <./Figures/figures-wli_fig4.pdf>]
Overfull \hbox (6.8343pt too wide) in paragraph at lines 1283--1298
[][] 
 []

[88.101 <./Figures/figures-wli_fig10.pdf>]

LaTeX Warning: Reference `figures-wli_fig6' on page 89 undefined on input line 
1325.


LaTeX Warning: Reference `table:summary_table_i_2GB_vm_nodal' on page 89 undefi
ned on input line 1330.

[89.102] <Figures/figures-wli_fig8.pdf, id=1878, 803.0pt x 602.25pt>
File: Figures/figures-wli_fig8.pdf Graphic file (type pdf)

<use Figures/figures-wli_fig8.pdf>
Package pdftex.def Info: Figures/figures-wli_fig8.pdf used on input line 1389.
(pdftex.def)             Requested size: 397.48499pt x 298.11926pt.
 [90.103] [91.104 <./Figures/figures-wli_fig8.pdf>]
Overfull \hbox (6.8343pt too wide) in paragraph at lines 1401--1416
[][] 
 []

<Figures/figures-wli_fig7.pdf, id=1912, 803.0pt x 602.25pt>
File: Figures/figures-wli_fig7.pdf Graphic file (type pdf)

<use Figures/figures-wli_fig7.pdf>
Package pdftex.def Info: Figures/figures-wli_fig7.pdf used on input line 1444.
(pdftex.def)             Requested size: 397.48499pt x 298.11926pt.


LaTeX Warning: `h' float specifier changed to `ht'.

<Figures/figures-wli_fig9.pdf, id=1913, 803.0pt x 602.25pt>
File: Figures/figures-wli_fig9.pdf Graphic file (type pdf)

<use Figures/figures-wli_fig9.pdf>
Package pdftex.def Info: Figures/figures-wli_fig9.pdf used on input line 1450.
(pdftex.def)             Requested size: 397.48499pt x 298.11926pt.


LaTeX Warning: `h' float specifier changed to `ht'.

[92.105] [93.106]) [94.107 <./Figures/figures-wli_fig7.pdf>] [95.108 <./Figures
/figures-wli_fig9.pdf>]
\openout2 = `Chapters/Summary.aux'.

 (./Chapters/Summary.tex
Chapter VI.

LaTeX Warning: Citation `Abramova2014' on page 96 undefined on input line 7.


LaTeX Warning: Citation `Abramova2014' on page 96 undefined on input line 7.

[96.109



] [97.110] [98.111] [99.112] [100.113]
Missing character: There is no ‚ in font cmbx12!
Missing character: There is no Ä in font cmbx12!
Missing character: There is no ì in font cmbx12!
) [101.114] (./main0.bbl
Missing character: There is no ‚ in font cmr12!
Missing character: There is no Ä in font cmr12!
Missing character: There is no ì in font cmr12!

Underfull \hbox (badness 10000) in paragraph at lines 78--81
\OT1/cmr/m/n/12 / / medium . com / @johnsercel / cassandra-[]on-[]raspberrypi-[
]2-[]a84602953b23\OMS/cmsy/m/n/12 f\OT1/cmr/m/n/12 # []
 []

[102.115


] [103.116] [104.117] [105.118]) [106.119] (./Customize/SF298.tex
Overfull \hbox (100.36882pt too wide) in paragraph at lines 60--60
$[]$ 
 []


Overfull \hbox (101.37256pt too wide) in paragraph at lines 60--60
$[]$ 
 []


Overfull \hbox (101.37256pt too wide) in paragraph at lines 60--60
$[]$ 
 []

pdfTeX warning (ext4): destination with the same identifier (name{page.1}) has 
been already used, duplicate ignored
<to be read again> 
                   \relax 
l.60 \MakeRptDocPage
                     [1.120

])
Package atveryend Info: Empty hook `BeforeClearDocument' on input line 100.
Package atveryend Info: Empty hook `AfterLastShipout' on input line 100.
 (./main0.aux (./Chapters/Introduction.aux)
(./Chapters/BackgroundAndRelatedWorks.aux) (./Chapters/CassandraPilotTest.aux)
(./Chapters/Methodology.aux) (./Chapters/Results-all.aux)
(./Chapters/Summary.aux))
Package atveryend Info: Executing hook `AtVeryEndDocument' on input line 100.
Package atveryend Info: Executing hook `AtEndAfterFileList' on input line 100.


Package rerunfilecheck Warning: File `main0.out' has changed.
(rerunfilecheck)                Rerun to get outlines right
(rerunfilecheck)                or use package `bookmark'.

Package rerunfilecheck Info: Checksums for `main0.out':
(rerunfilecheck)             Before: 9E8F2DE4F2AFB6993601E603EFE95542;6175
(rerunfilecheck)             After:  F4F21407213425FEFD0FD9887F3823B2;8224.

LaTeX Font Warning: Size substitutions with differences
(Font)              up to 117.38377pt have occurred.


LaTeX Warning: There were undefined references.


LaTeX Warning: There were multiply-defined labels.

Package atveryend Info: Empty hook `AtVeryVeryEnd' on input line 100.
 ) 
Here is how much of TeX's memory you used:
 15448 strings out of 493029
 234970 string characters out of 6136235
 410534 words of memory out of 5000000
 18089 multiletter control sequences out of 15000+600000
 13052 words of font info for 47 fonts, out of 8000000 for 9000
 1141 hyphenation exceptions out of 8191
 46i,11n,79p,1918b,546s stack positions out of 5000i,500n,10000p,200000b,80000s
pdfTeX warning (dest): name{glo:usb} has been referenced but does not exist, 
replaced by a fixed one

pdfTeX warning (dest): name{glo:anova} has been referenced but does not exist, 
replaced by a fixed one

pdfTeX warning (dest): name{glo:ism} has been referenced but does not exist, re
placed by a fixed one

pdfTeX warning (dest): name{glo:html} has been referenced but does not exist, r
eplaced by a fixed one

pdfTeX warning (dest): name{glo:usd} has been referenced but does not exist, re
placed by a fixed one

pdfTeX warning (dest): name{glo:api} has been referenced but does not exist, re
placed by a fixed one

pdfTeX warning (dest): name{glo:sql} has been referenced but does not exist, re
placed by a fixed one

pdfTeX warning (dest): name{glo:cbir} has been referenced but does not exist, r
eplaced by a fixed one

pdfTeX warning (dest): name{glo:mac} has been referenced but does not exist, re
placed by a fixed one

pdfTeX warning (dest): name{glo:gsm} has been referenced but does not exist, re
placed by a fixed one

pdfTeX warning (dest): name{glo:ssid} has been referenced but does not exist, r
eplaced by a fixed one

pdfTeX warning (dest): name{glo:rts} has been referenced but does not exist, re
placed by a fixed one

pdfTeX warning (dest): name{glo:ack} has been referenced but does not exist, re
placed by a fixed one

pdfTeX warning (dest): name{glo:difs} has been referenced but does not exist, r
eplaced by a fixed one

pdfTeX warning (dest): name{glo:csmacd} has been referenced but does not exist,
 replaced by a fixed one

pdfTeX warning (dest): name{glo:nosql} has been referenced but does not exist, 
replaced by a fixed one

pdfTeX warning (dest): name{glo:cpu} has been referenced but does not exist, re
placed by a fixed one

pdfTeX warning (dest): name{glo:cots} has been referenced but does not exist, r
eplaced by a fixed one

pdfTeX warning (dest): name{glo:io} has been referenced but does not exist, rep
laced by a fixed one

pdfTeX warning (dest): name{table.caption.80} has been referenced but does not 
exist, replaced by a fixed one

pdfTeX warning (dest): name{table.caption.79} has been referenced but does not 
exist, replaced by a fixed one

pdfTeX warning (dest): name{table.caption.71} has been referenced but does not 
exist, replaced by a fixed one

pdfTeX warning (dest): name{table.caption.73} has been referenced but does not 
exist, replaced by a fixed one

pdfTeX warning (dest): name{table.caption.67} has been referenced but does not 
exist, replaced by a fixed one

pdfTeX warning (dest): name{table.caption.53} has been referenced but does not 
exist, replaced by a fixed one

pdfTeX warning (dest): name{table.caption.56} has been referenced but does not 
exist, replaced by a fixed one

pdfTeX warning (dest): name{glo:ip} has been referenced but does not exist, rep
laced by a fixed one

pdfTeX warning (dest): name{figure.caption.76} has been referenced but does not
 exist, replaced by a fixed one

pdfTeX warning (dest): name{figure.caption.75} has been referenced but does not
 exist, replaced by a fixed one

pdfTeX warning (dest): name{figure.caption.69} has been referenced but does not
 exist, replaced by a fixed one

pdfTeX warning (dest): name{figure.caption.58} has been referenced but does not
 exist, replaced by a fixed one

pdfTeX warning (dest): name{glo:ram} has been referenced but does not exist, re
placed by a fixed one

pdfTeX warning (dest): name{glo:iot} has been referenced but does not exist, re
placed by a fixed one

pdfTeX warning (dest): name{glo:sd} has been referenced but does not exist, rep
laced by a fixed one

pdfTeX warning (dest): name{glo:lan} has been referenced but does not exist, re
placed by a fixed one

pdfTeX warning (dest): name{glo:ycsb} has been referenced but does not exist, r
eplaced by a fixed one

pdfTeX warning (dest): name{chapter*.87} has been referenced but does not exist
, replaced by a fixed one

</usr/share/texlive/texmf-dist/fonts/type1/public/amsfonts/cm/cmbx10.pfb></usr/
share/texlive/texmf-dist/fonts/type1/public/amsfonts/cm/cmbx12.pfb></usr/share/
texlive/texmf-dist/fonts/type1/public/amsfonts/cm/cmbxsl10.pfb></usr/share/texl
ive/texmf-dist/fonts/type1/public/amsfonts/cm/cmmi12.pfb></usr/share/texlive/te
xmf-dist/fonts/type1/public/amsfonts/cm/cmr10.pfb></usr/share/texlive/texmf-dis
t/fonts/type1/public/amsfonts/cm/cmr12.pfb></usr/share/texlive/texmf-dist/fonts
/type1/public/amsfonts/cm/cmr17.pfb></usr/share/texlive/texmf-dist/fonts/type1/
public/amsfonts/cm/cmss8.pfb></usr/share/texlive/texmf-dist/fonts/type1/public/
amsfonts/cm/cmssbx10.pfb></usr/share/texlive/texmf-dist/fonts/type1/public/amsf
onts/cm/cmssi10.pfb></usr/share/texlive/texmf-dist/fonts/type1/public/amsfonts/
cm/cmssi8.pfb></usr/share/texlive/texmf-dist/fonts/type1/public/amsfonts/cm/cms
y10.pfb></usr/share/texlive/texmf-dist/fonts/type1/public/amsfonts/cm/cmti12.pf
b>
Output written on main0.pdf (120 pages, 1166524 bytes).
PDF statistics:
 2231 PDF objects out of 2487 (max. 8388607)
 1939 compressed objects within 20 object streams
 520 named destinations out of 1000 (max. 500000)
 889 words of extra memory for PDF output out of 10000 (max. 10000000)

